2025-08-01 14:06:49,281 - embedding_analysis - INFO - Logging to file: analysis_output/logs/analysis_20250801_140649.log
2025-08-01 14:06:49,334 - embedding_analysis.core.embedder - INFO - ✓ GPU detected! Using NVIDIA GeForce RTX 4070 SUPER for acceleration
2025-08-01 14:06:49,335 - embedding_analysis.core.embedder - INFO - Loading 5 models for ensemble...
2025-08-01 14:06:49,335 - embedding_analysis.core.embedder - INFO - Loading MiniLM-L6 (all-MiniLM-L6-v2)...
2025-08-01 14:06:50,540 - embedding_analysis.core.embedder - INFO - ✓ Loaded MiniLM-L6 with 384 dimensions
2025-08-01 14:06:50,541 - embedding_analysis.core.embedder - INFO - Loading MPNet (all-mpnet-base-v2)...
2025-08-01 14:07:08,290 - embedding_analysis.core.embedder - INFO - ✓ Loaded MPNet with 768 dimensions
2025-08-01 14:07:08,290 - embedding_analysis.core.embedder - INFO - Loading MiniLM-L12 (all-MiniLM-L12-v2)...
2025-08-01 14:07:19,988 - embedding_analysis.core.embedder - INFO - ✓ Loaded MiniLM-L12 with 384 dimensions
2025-08-01 14:07:19,988 - embedding_analysis.core.embedder - INFO - Loading Word2Vec (word2vec-google-news-300)...
2025-08-01 14:11:35,134 - embedding_analysis.core.embedder - INFO - Loaded Word2Vec vocabulary size: 3000000
2025-08-01 14:11:35,135 - embedding_analysis.core.embedder - INFO - ✓ Loaded Word2Vec with 300 dimensions
2025-08-01 14:11:35,135 - embedding_analysis.core.embedder - INFO - Loading GloVe (glove-wiki-gigaword-300)...
2025-08-01 14:12:45,622 - embedding_analysis.core.embedder - INFO - Loaded GloVe vocabulary size: 400000
2025-08-01 14:12:45,623 - embedding_analysis.core.embedder - INFO - ✓ Loaded GloVe with 300 dimensions
2025-08-01 14:12:45,623 - embedding_analysis - INFO - ======================================================================
2025-08-01 14:12:45,623 - embedding_analysis - INFO - GEOMETRIC INVARIANCE ANALYSIS
2025-08-01 14:12:45,623 - embedding_analysis - INFO - ======================================================================
2025-08-01 14:12:45,624 - embedding_analysis - INFO - Loading conversations from /home/knots/git/the-academy/docs/paper/exp-data/phase-1-premium
2025-08-01 14:12:46,191 - embedding_analysis.core.conversation - INFO - Loaded 67 conversations from /home/knots/git/the-academy/docs/paper/exp-data/phase-1-premium
2025-08-01 14:12:46,191 - embedding_analysis.core.conversation - INFO - Filtered 67 to 67 conversations
2025-08-01 14:12:46,191 - embedding_analysis - INFO - Loading conversations from /home/knots/git/the-academy/docs/paper/exp-data/phase-2-efficient
2025-08-01 14:12:46,529 - embedding_analysis.core.conversation - INFO - Loaded 62 conversations from /home/knots/git/the-academy/docs/paper/exp-data/phase-2-efficient
2025-08-01 14:12:46,529 - embedding_analysis.core.conversation - INFO - Filtered 62 to 62 conversations
2025-08-01 14:12:46,529 - embedding_analysis - INFO - Loading conversations from /home/knots/git/the-academy/docs/paper/exp-data/phase-3-no-reasoning
2025-08-01 14:12:47,315 - embedding_analysis.core.conversation - INFO - Loaded 100 conversations from /home/knots/git/the-academy/docs/paper/exp-data/phase-3-no-reasoning
2025-08-01 14:12:47,315 - embedding_analysis.core.conversation - INFO - Filtered 100 to 100 conversations
2025-08-01 14:12:47,315 - embedding_analysis - INFO - Loaded 229 conversations total
2025-08-01 14:12:47,315 - embedding_analysis - INFO - 
Analyzing 229 conversations for geometric invariance...
2025-08-01 14:12:47,315 - embedding_analysis - INFO - Processing 229 conversations in 10 batches of 25
2025-08-01 14:12:47,316 - embedding_analysis - INFO -   Batch 1/10: Embedding 4349 messages from 25 conversations
2025-08-01 14:13:29,422 - embedding_analysis.models.ensemble_phase_detector - INFO - Running embedding_shift phase detection...
2025-08-01 14:13:29,424 - embedding_analysis.models.ensemble_phase_detector - INFO - Running change_point phase detection...
2025-08-01 14:13:29,464 - embedding_analysis.models.ensemble_phase_detector - INFO - Running hmm phase detection...
2025-08-01 14:13:29,561 - embedding_analysis.models.ensemble_phase_detector - INFO - Running spectral phase detection...
2025-08-01 14:13:29,564 - embedding_analysis.models.ensemble_phase_detector - INFO - Running clustering phase detection...
2025-08-01 14:13:29,585 - embedding_analysis.models.ensemble_phase_detector - INFO - Running embedding_shift phase detection...
2025-08-01 14:13:29,588 - embedding_analysis.models.ensemble_phase_detector - INFO - Running change_point phase detection...
2025-08-01 14:13:29,657 - embedding_analysis.models.ensemble_phase_detector - INFO - Running hmm phase detection...
2025-08-01 14:13:29,748 - embedding_analysis.models.ensemble_phase_detector - INFO - Running spectral phase detection...
2025-08-01 14:13:29,751 - embedding_analysis.models.ensemble_phase_detector - INFO - Running clustering phase detection...
2025-08-01 14:13:29,800 - embedding_analysis.models.ensemble_phase_detector - INFO - Running embedding_shift phase detection...
2025-08-01 14:13:29,803 - embedding_analysis.models.ensemble_phase_detector - INFO - Running change_point phase detection...
2025-08-01 14:13:29,851 - embedding_analysis.models.ensemble_phase_detector - INFO - Running hmm phase detection...
2025-08-01 14:13:29,957 - embedding_analysis.models.ensemble_phase_detector - INFO - Running spectral phase detection...
2025-08-01 14:13:29,960 - embedding_analysis.models.ensemble_phase_detector - INFO - Running clustering phase detection...
2025-08-01 14:13:29,985 - embedding_analysis.models.ensemble_phase_detector - INFO - Running embedding_shift phase detection...
2025-08-01 14:13:29,988 - embedding_analysis.models.ensemble_phase_detector - INFO - Running change_point phase detection...
2025-08-01 14:13:30,077 - embedding_analysis.models.ensemble_phase_detector - INFO - Running hmm phase detection...
2025-08-01 14:13:30,180 - embedding_analysis.models.ensemble_phase_detector - INFO - Running spectral phase detection...
2025-08-01 14:13:30,229 - embedding_analysis.models.ensemble_phase_detector - INFO - Running clustering phase detection...
2025-08-01 14:13:30,242 - embedding_analysis.models.ensemble_phase_detector - INFO - Running embedding_shift phase detection...
2025-08-01 14:13:30,244 - embedding_analysis.models.ensemble_phase_detector - INFO - Running change_point phase detection...
2025-08-01 14:13:30,286 - embedding_analysis.models.ensemble_phase_detector - INFO - Running hmm phase detection...
2025-08-01 14:13:30,376 - embedding_analysis.models.ensemble_phase_detector - INFO - Running spectral phase detection...
2025-08-01 14:13:30,379 - embedding_analysis.models.ensemble_phase_detector - INFO - Running clustering phase detection...
2025-08-01 14:13:30,522 - embedding_analysis.visualization.ensemble_plots - INFO - Creating figure (35x38)...
2025-08-01 14:13:42,334 - embedding_analysis.visualization.ensemble_plots - INFO - Saved ensemble visualization to analysis_output/figures/ensemble/png/Consciousness_Exploration_2025-06-12_6-Y_ensemble.png
2025-08-01 14:13:46,081 - embedding_analysis.visualization.ensemble_plots - INFO - Saved ensemble visualization to analysis_output/figures/ensemble/pdf/Consciousness_Exploration_2025-06-12_6-Y_ensemble.pdf
2025-08-01 14:13:51,691 - embedding_analysis.models.ensemble_phase_detector - INFO - Running embedding_shift phase detection...
2025-08-01 14:13:51,694 - embedding_analysis.models.ensemble_phase_detector - INFO - Running change_point phase detection...
2025-08-01 14:13:51,853 - embedding_analysis.models.ensemble_phase_detector - INFO - Running hmm phase detection...
2025-08-01 14:13:52,022 - embedding_analysis.models.ensemble_phase_detector - INFO - Running spectral phase detection...
2025-08-01 14:13:52,026 - embedding_analysis.models.ensemble_phase_detector - INFO - Running clustering phase detection...
2025-08-01 14:13:52,062 - embedding_analysis.models.ensemble_phase_detector - INFO - Running embedding_shift phase detection...
2025-08-01 14:13:52,068 - embedding_analysis.models.ensemble_phase_detector - INFO - Running change_point phase detection...
2025-08-01 14:13:52,211 - embedding_analysis.models.ensemble_phase_detector - INFO - Running hmm phase detection...
2025-08-01 14:13:52,370 - embedding_analysis.models.ensemble_phase_detector - INFO - Running spectral phase detection...
2025-08-01 14:13:52,374 - embedding_analysis.models.ensemble_phase_detector - INFO - Running clustering phase detection...
2025-08-01 14:13:52,457 - embedding_analysis.models.ensemble_phase_detector - INFO - Running embedding_shift phase detection...
2025-08-01 14:13:52,463 - embedding_analysis.models.ensemble_phase_detector - INFO - Running change_point phase detection...
2025-08-01 14:13:52,604 - embedding_analysis.models.ensemble_phase_detector - INFO - Running hmm phase detection...
2025-08-01 14:13:52,780 - embedding_analysis.models.ensemble_phase_detector - INFO - Running spectral phase detection...
2025-08-01 14:13:52,784 - embedding_analysis.models.ensemble_phase_detector - INFO - Running clustering phase detection...
2025-08-01 14:13:52,816 - embedding_analysis.models.ensemble_phase_detector - INFO - Running embedding_shift phase detection...
2025-08-01 14:13:52,822 - embedding_analysis.models.ensemble_phase_detector - INFO - Running change_point phase detection...
2025-08-01 14:13:52,999 - embedding_analysis.models.ensemble_phase_detector - INFO - Running hmm phase detection...
2025-08-01 14:13:53,147 - embedding_analysis.models.ensemble_phase_detector - INFO - Running spectral phase detection...
2025-08-01 14:13:53,152 - embedding_analysis.models.ensemble_phase_detector - INFO - Running clustering phase detection...
2025-08-01 14:13:53,171 - embedding_analysis.models.ensemble_phase_detector - INFO - Running embedding_shift phase detection...
2025-08-01 14:13:53,176 - embedding_analysis.models.ensemble_phase_detector - INFO - Running change_point phase detection...
2025-08-01 14:13:53,316 - embedding_analysis.models.ensemble_phase_detector - INFO - Running hmm phase detection...
2025-08-01 14:13:53,476 - embedding_analysis.models.ensemble_phase_detector - INFO - Running spectral phase detection...
2025-08-01 14:13:53,480 - embedding_analysis.models.ensemble_phase_detector - INFO - Running clustering phase detection...
2025-08-01 14:13:53,748 - embedding_analysis.visualization.ensemble_plots - INFO - Creating figure (35x38)...
2025-08-01 14:14:10,066 - embedding_analysis.visualization.ensemble_plots - INFO - Saved ensemble visualization to analysis_output/figures/ensemble/png/experiment-consciousness-exploration-session-consciousness_exploration-2025-07-29-15-4c234775_ensemble.png
2025-08-01 14:14:14,311 - embedding_analysis.visualization.ensemble_plots - INFO - Saved ensemble visualization to analysis_output/figures/ensemble/pdf/experiment-consciousness-exploration-session-consciousness_exploration-2025-07-29-15-4c234775_ensemble.pdf
2025-08-01 14:14:19,965 - embedding_analysis.models.ensemble_phase_detector - INFO - Running embedding_shift phase detection...
2025-08-01 14:14:19,968 - embedding_analysis.models.ensemble_phase_detector - INFO - Running change_point phase detection...
2025-08-01 14:14:20,124 - embedding_analysis.models.ensemble_phase_detector - INFO - Running hmm phase detection...
2025-08-01 14:14:20,305 - embedding_analysis.models.ensemble_phase_detector - INFO - Running spectral phase detection...
2025-08-01 14:14:20,310 - embedding_analysis.models.ensemble_phase_detector - INFO - Running clustering phase detection...
2025-08-01 14:14:20,349 - embedding_analysis.models.ensemble_phase_detector - INFO - Running embedding_shift phase detection...
2025-08-01 14:14:20,354 - embedding_analysis.models.ensemble_phase_detector - INFO - Running change_point phase detection...
2025-08-01 14:14:20,487 - embedding_analysis.models.ensemble_phase_detector - INFO - Running hmm phase detection...
2025-08-01 14:14:20,653 - embedding_analysis.models.ensemble_phase_detector - INFO - Running spectral phase detection...
2025-08-01 14:14:20,658 - embedding_analysis.models.ensemble_phase_detector - INFO - Running clustering phase detection...
2025-08-01 14:14:20,805 - embedding_analysis.models.ensemble_phase_detector - INFO - Running embedding_shift phase detection...
2025-08-01 14:14:20,811 - embedding_analysis.models.ensemble_phase_detector - INFO - Running change_point phase detection...
2025-08-01 14:14:20,979 - embedding_analysis.models.ensemble_phase_detector - INFO - Running hmm phase detection...
2025-08-01 14:14:21,140 - embedding_analysis.models.ensemble_phase_detector - INFO - Running spectral phase detection...
2025-08-01 14:14:21,144 - embedding_analysis.models.ensemble_phase_detector - INFO - Running clustering phase detection...
2025-08-01 14:14:21,184 - embedding_analysis.models.ensemble_phase_detector - INFO - Running embedding_shift phase detection...
2025-08-01 14:14:21,189 - embedding_analysis.models.ensemble_phase_detector - INFO - Running change_point phase detection...
2025-08-01 14:14:21,337 - embedding_analysis.models.ensemble_phase_detector - INFO - Running hmm phase detection...
2025-08-01 14:14:21,476 - embedding_analysis.models.ensemble_phase_detector - INFO - Running spectral phase detection...
2025-08-01 14:14:21,480 - embedding_analysis.models.ensemble_phase_detector - INFO - Running clustering phase detection...
2025-08-01 14:14:21,501 - embedding_analysis.models.ensemble_phase_detector - INFO - Running embedding_shift phase detection...
2025-08-01 14:14:21,506 - embedding_analysis.models.ensemble_phase_detector - INFO - Running change_point phase detection...
2025-08-01 14:14:21,657 - embedding_analysis.models.ensemble_phase_detector - INFO - Running hmm phase detection...
2025-08-01 14:14:21,867 - embedding_analysis.models.ensemble_phase_detector - INFO - Running spectral phase detection...
2025-08-01 14:14:21,872 - embedding_analysis.models.ensemble_phase_detector - INFO - Running clustering phase detection...
2025-08-01 14:14:22,201 - embedding_analysis.visualization.ensemble_plots - INFO - Creating figure (35x38)...
2025-08-01 14:14:39,023 - embedding_analysis.visualization.ensemble_plots - INFO - Saved ensemble visualization to analysis_output/figures/ensemble/png/Consciousness_Exploration_2025-07-21_29_ensemble.png
2025-08-01 14:14:43,191 - embedding_analysis.visualization.ensemble_plots - INFO - Saved ensemble visualization to analysis_output/figures/ensemble/pdf/Consciousness_Exploration_2025-07-21_29_ensemble.pdf
2025-08-01 14:14:48,889 - embedding_analysis.models.ensemble_phase_detector - INFO - Running embedding_shift phase detection...
2025-08-01 14:14:48,893 - embedding_analysis.models.ensemble_phase_detector - INFO - Running change_point phase detection...
2025-08-01 14:14:49,043 - embedding_analysis.models.ensemble_phase_detector - INFO - Running hmm phase detection...
2025-08-01 14:14:49,227 - embedding_analysis.models.ensemble_phase_detector - INFO - Running spectral phase detection...
2025-08-01 14:14:49,233 - embedding_analysis.models.ensemble_phase_detector - INFO - Running clustering phase detection...
2025-08-01 14:14:49,285 - embedding_analysis.models.ensemble_phase_detector - INFO - Running embedding_shift phase detection...
2025-08-01 14:14:49,290 - embedding_analysis.models.ensemble_phase_detector - INFO - Running change_point phase detection...
2025-08-01 14:14:49,429 - embedding_analysis.models.ensemble_phase_detector - INFO - Running hmm phase detection...
2025-08-01 14:14:49,586 - embedding_analysis.models.ensemble_phase_detector - INFO - Running spectral phase detection...
2025-08-01 14:14:49,590 - embedding_analysis.models.ensemble_phase_detector - INFO - Running clustering phase detection...
2025-08-01 14:14:49,671 - embedding_analysis.models.ensemble_phase_detector - INFO - Running embedding_shift phase detection...
2025-08-01 14:14:49,676 - embedding_analysis.models.ensemble_phase_detector - INFO - Running change_point phase detection...
2025-08-01 14:14:49,810 - embedding_analysis.models.ensemble_phase_detector - INFO - Running hmm phase detection...
2025-08-01 14:14:49,991 - embedding_analysis.models.ensemble_phase_detector - INFO - Running spectral phase detection...
2025-08-01 14:14:49,996 - embedding_analysis.models.ensemble_phase_detector - INFO - Running clustering phase detection...
2025-08-01 14:14:50,029 - embedding_analysis.models.ensemble_phase_detector - INFO - Running embedding_shift phase detection...
2025-08-01 14:14:50,034 - embedding_analysis.models.ensemble_phase_detector - INFO - Running change_point phase detection...
2025-08-01 14:14:50,174 - embedding_analysis.models.ensemble_phase_detector - INFO - Running hmm phase detection...
2025-08-01 14:14:50,323 - embedding_analysis.models.ensemble_phase_detector - INFO - Running spectral phase detection...
2025-08-01 14:14:50,327 - embedding_analysis.models.ensemble_phase_detector - INFO - Running clustering phase detection...
2025-08-01 14:14:50,349 - embedding_analysis.models.ensemble_phase_detector - INFO - Running embedding_shift phase detection...
2025-08-01 14:14:50,354 - embedding_analysis.models.ensemble_phase_detector - INFO - Running change_point phase detection...
2025-08-01 14:14:50,525 - embedding_analysis.models.ensemble_phase_detector - INFO - Running hmm phase detection...
2025-08-01 14:14:50,654 - embedding_analysis.models.ensemble_phase_detector - INFO - Running spectral phase detection...
2025-08-01 14:14:50,660 - embedding_analysis.models.ensemble_phase_detector - INFO - Running clustering phase detection...
2025-08-01 14:14:50,920 - embedding_analysis.visualization.ensemble_plots - INFO - Creating figure (35x38)...
2025-08-01 14:15:07,446 - embedding_analysis.visualization.ensemble_plots - INFO - Saved ensemble visualization to analysis_output/figures/ensemble/png/experiment-consciousness-exploration-session-consciousness_exploration-2025-07-29-13-c9e1d897_ensemble.png
2025-08-01 14:15:11,537 - embedding_analysis.visualization.ensemble_plots - INFO - Saved ensemble visualization to analysis_output/figures/ensemble/pdf/experiment-consciousness-exploration-session-consciousness_exploration-2025-07-29-13-c9e1d897_ensemble.pdf
2025-08-01 14:15:16,726 - embedding_analysis.models.ensemble_phase_detector - INFO - Running embedding_shift phase detection...
2025-08-01 14:15:16,729 - embedding_analysis.models.ensemble_phase_detector - INFO - Running change_point phase detection...
2025-08-01 14:15:16,847 - embedding_analysis.models.ensemble_phase_detector - INFO - Running hmm phase detection...
2025-08-01 14:15:16,989 - embedding_analysis.models.ensemble_phase_detector - INFO - Running spectral phase detection...
2025-08-01 14:15:16,993 - embedding_analysis.models.ensemble_phase_detector - INFO - Running clustering phase detection...
2025-08-01 14:15:17,022 - embedding_analysis.models.ensemble_phase_detector - INFO - Running embedding_shift phase detection...
2025-08-01 14:15:17,027 - embedding_analysis.models.ensemble_phase_detector - INFO - Running change_point phase detection...
2025-08-01 14:15:17,138 - embedding_analysis.models.ensemble_phase_detector - INFO - Running hmm phase detection...
2025-08-01 14:15:17,293 - embedding_analysis.models.ensemble_phase_detector - INFO - Running spectral phase detection...
2025-08-01 14:15:17,297 - embedding_analysis.models.ensemble_phase_detector - INFO - Running clustering phase detection...
2025-08-01 14:15:17,373 - embedding_analysis.models.ensemble_phase_detector - INFO - Running embedding_shift phase detection...
2025-08-01 14:15:17,378 - embedding_analysis.models.ensemble_phase_detector - INFO - Running change_point phase detection...
2025-08-01 14:15:17,509 - embedding_analysis.models.ensemble_phase_detector - INFO - Running hmm phase detection...
2025-08-01 14:15:17,666 - embedding_analysis.models.ensemble_phase_detector - INFO - Running spectral phase detection...
2025-08-01 14:15:17,670 - embedding_analysis.models.ensemble_phase_detector - INFO - Running clustering phase detection...
2025-08-01 14:15:17,696 - embedding_analysis.models.ensemble_phase_detector - INFO - Running embedding_shift phase detection...
2025-08-01 14:15:17,700 - embedding_analysis.models.ensemble_phase_detector - INFO - Running change_point phase detection...
2025-08-01 14:15:17,820 - embedding_analysis.models.ensemble_phase_detector - INFO - Running hmm phase detection...
2025-08-01 14:15:17,957 - embedding_analysis.models.ensemble_phase_detector - INFO - Running spectral phase detection...
2025-08-01 14:15:17,960 - embedding_analysis.models.ensemble_phase_detector - INFO - Running clustering phase detection...
2025-08-01 14:15:17,978 - embedding_analysis.models.ensemble_phase_detector - INFO - Running embedding_shift phase detection...
2025-08-01 14:15:17,983 - embedding_analysis.models.ensemble_phase_detector - INFO - Running change_point phase detection...
2025-08-01 14:15:18,102 - embedding_analysis.models.ensemble_phase_detector - INFO - Running hmm phase detection...
2025-08-01 14:15:18,286 - embedding_analysis.models.ensemble_phase_detector - INFO - Running spectral phase detection...
2025-08-01 14:15:18,290 - embedding_analysis.models.ensemble_phase_detector - INFO - Running clustering phase detection...
2025-08-01 14:15:18,617 - embedding_analysis.visualization.ensemble_plots - INFO - Creating figure (35x38)...
2025-08-01 14:15:34,960 - embedding_analysis.visualization.ensemble_plots - INFO - Saved ensemble visualization to analysis_output/figures/ensemble/png/Consciousness_Exploration_2025-06-15_10-N_ensemble.png
2025-08-01 14:15:39,179 - embedding_analysis.visualization.ensemble_plots - INFO - Saved ensemble visualization to analysis_output/figures/ensemble/pdf/Consciousness_Exploration_2025-06-15_10-N_ensemble.pdf
2025-08-01 14:15:43,242 - embedding_analysis.models.ensemble_phase_detector - INFO - Running embedding_shift phase detection...
2025-08-01 14:15:43,244 - embedding_analysis.models.ensemble_phase_detector - INFO - Running change_point phase detection...
2025-08-01 14:15:43,342 - embedding_analysis.models.ensemble_phase_detector - INFO - Running hmm phase detection...
2025-08-01 14:15:43,475 - embedding_analysis.models.ensemble_phase_detector - INFO - Running spectral phase detection...
2025-08-01 14:15:43,478 - embedding_analysis.models.ensemble_phase_detector - INFO - Running clustering phase detection...
2025-08-01 14:15:43,503 - embedding_analysis.models.ensemble_phase_detector - INFO - Running embedding_shift phase detection...
2025-08-01 14:15:43,508 - embedding_analysis.models.ensemble_phase_detector - INFO - Running change_point phase detection...
2025-08-01 14:15:43,598 - embedding_analysis.models.ensemble_phase_detector - INFO - Running hmm phase detection...
2025-08-01 14:15:43,716 - embedding_analysis.models.ensemble_phase_detector - INFO - Running spectral phase detection...
2025-08-01 14:15:43,719 - embedding_analysis.models.ensemble_phase_detector - INFO - Running clustering phase detection...
2025-08-01 14:15:43,779 - embedding_analysis.models.ensemble_phase_detector - INFO - Running embedding_shift phase detection...
2025-08-01 14:15:43,783 - embedding_analysis.models.ensemble_phase_detector - INFO - Running change_point phase detection...
2025-08-01 14:15:43,870 - embedding_analysis.models.ensemble_phase_detector - INFO - Running hmm phase detection...
2025-08-01 14:15:43,988 - embedding_analysis.models.ensemble_phase_detector - INFO - Running spectral phase detection...
2025-08-01 14:15:43,992 - embedding_analysis.models.ensemble_phase_detector - INFO - Running clustering phase detection...
2025-08-01 14:15:44,016 - embedding_analysis.models.ensemble_phase_detector - INFO - Running embedding_shift phase detection...
2025-08-01 14:15:44,019 - embedding_analysis.models.ensemble_phase_detector - INFO - Running change_point phase detection...
2025-08-01 14:15:44,105 - embedding_analysis.models.ensemble_phase_detector - INFO - Running hmm phase detection...
2025-08-01 14:15:44,224 - embedding_analysis.models.ensemble_phase_detector - INFO - Running spectral phase detection...
2025-08-01 14:15:44,228 - embedding_analysis.models.ensemble_phase_detector - INFO - Running clustering phase detection...
2025-08-01 14:15:44,243 - embedding_analysis.models.ensemble_phase_detector - INFO - Running embedding_shift phase detection...
2025-08-01 14:15:44,247 - embedding_analysis.models.ensemble_phase_detector - INFO - Running change_point phase detection...
2025-08-01 14:15:44,348 - embedding_analysis.models.ensemble_phase_detector - INFO - Running hmm phase detection...
2025-08-01 14:15:44,480 - embedding_analysis.models.ensemble_phase_detector - INFO - Running spectral phase detection...
2025-08-01 14:15:44,483 - embedding_analysis.models.ensemble_phase_detector - INFO - Running clustering phase detection...
2025-08-01 14:15:44,676 - embedding_analysis.visualization.ensemble_plots - INFO - Creating figure (35x38)...
2025-08-01 14:15:58,605 - embedding_analysis.visualization.ensemble_plots - INFO - Saved ensemble visualization to analysis_output/figures/ensemble/png/Consciousness_Exploration_2025-06-16_18-Recovered_ensemble.png
2025-08-01 14:16:02,577 - embedding_analysis.visualization.ensemble_plots - INFO - Saved ensemble visualization to analysis_output/figures/ensemble/pdf/Consciousness_Exploration_2025-06-16_18-Recovered_ensemble.pdf
2025-08-01 14:16:07,476 - embedding_analysis.models.ensemble_phase_detector - INFO - Running embedding_shift phase detection...
2025-08-01 14:16:07,478 - embedding_analysis.models.ensemble_phase_detector - INFO - Running change_point phase detection...
2025-08-01 14:16:07,594 - embedding_analysis.models.ensemble_phase_detector - INFO - Running hmm phase detection...
2025-08-01 14:16:07,750 - embedding_analysis.models.ensemble_phase_detector - INFO - Running spectral phase detection...
2025-08-01 14:16:07,754 - embedding_analysis.models.ensemble_phase_detector - INFO - Running clustering phase detection...
2025-08-01 14:16:07,779 - embedding_analysis.models.ensemble_phase_detector - INFO - Running embedding_shift phase detection...
2025-08-01 14:16:07,784 - embedding_analysis.models.ensemble_phase_detector - INFO - Running change_point phase detection...
2025-08-01 14:16:07,889 - embedding_analysis.models.ensemble_phase_detector - INFO - Running hmm phase detection...
2025-08-01 14:16:08,044 - embedding_analysis.models.ensemble_phase_detector - INFO - Running spectral phase detection...
2025-08-01 14:16:08,048 - embedding_analysis.models.ensemble_phase_detector - INFO - Running clustering phase detection...
2025-08-01 14:16:08,117 - embedding_analysis.models.ensemble_phase_detector - INFO - Running embedding_shift phase detection...
2025-08-01 14:16:08,122 - embedding_analysis.models.ensemble_phase_detector - INFO - Running change_point phase detection...
2025-08-01 14:16:08,231 - embedding_analysis.models.ensemble_phase_detector - INFO - Running hmm phase detection...
2025-08-01 14:16:08,394 - embedding_analysis.models.ensemble_phase_detector - INFO - Running spectral phase detection...
2025-08-01 14:16:08,398 - embedding_analysis.models.ensemble_phase_detector - INFO - Running clustering phase detection...
2025-08-01 14:16:08,425 - embedding_analysis.models.ensemble_phase_detector - INFO - Running embedding_shift phase detection...
2025-08-01 14:16:08,430 - embedding_analysis.models.ensemble_phase_detector - INFO - Running change_point phase detection...
2025-08-01 14:16:08,546 - embedding_analysis.models.ensemble_phase_detector - INFO - Running hmm phase detection...
2025-08-01 14:16:08,681 - embedding_analysis.models.ensemble_phase_detector - INFO - Running spectral phase detection...
2025-08-01 14:16:08,685 - embedding_analysis.models.ensemble_phase_detector - INFO - Running clustering phase detection...
2025-08-01 14:16:08,703 - embedding_analysis.models.ensemble_phase_detector - INFO - Running embedding_shift phase detection...
2025-08-01 14:16:08,708 - embedding_analysis.models.ensemble_phase_detector - INFO - Running change_point phase detection...
2025-08-01 14:16:08,818 - embedding_analysis.models.ensemble_phase_detector - INFO - Running hmm phase detection...
2025-08-01 14:16:08,950 - embedding_analysis.models.ensemble_phase_detector - INFO - Running spectral phase detection...
2025-08-01 14:16:08,954 - embedding_analysis.models.ensemble_phase_detector - INFO - Running clustering phase detection...
2025-08-01 14:16:09,166 - embedding_analysis.visualization.ensemble_plots - INFO - Creating figure (35x38)...
2025-08-01 14:16:24,781 - embedding_analysis.visualization.ensemble_plots - INFO - Saved ensemble visualization to analysis_output/figures/ensemble/png/Consciousness_Exploration_2025-06-16_17-Recovered_ensemble.png
2025-08-01 14:16:28,857 - embedding_analysis.visualization.ensemble_plots - INFO - Saved ensemble visualization to analysis_output/figures/ensemble/pdf/Consciousness_Exploration_2025-06-16_17-Recovered_ensemble.pdf
2025-08-01 14:16:31,268 - embedding_analysis.models.ensemble_phase_detector - INFO - Running embedding_shift phase detection...
2025-08-01 14:16:31,269 - embedding_analysis.models.ensemble_phase_detector - INFO - Running change_point phase detection...
2025-08-01 14:16:31,294 - embedding_analysis.models.ensemble_phase_detector - INFO - Running hmm phase detection...
2025-08-01 14:16:31,378 - embedding_analysis.models.ensemble_phase_detector - INFO - Running spectral phase detection...
2025-08-01 14:16:31,380 - embedding_analysis.models.ensemble_phase_detector - INFO - Running clustering phase detection...
2025-08-01 14:16:31,394 - embedding_analysis.models.ensemble_phase_detector - INFO - Running embedding_shift phase detection...
2025-08-01 14:16:31,396 - embedding_analysis.models.ensemble_phase_detector - INFO - Running change_point phase detection...
2025-08-01 14:16:31,422 - embedding_analysis.models.ensemble_phase_detector - INFO - Running hmm phase detection...
2025-08-01 14:16:31,533 - embedding_analysis.models.ensemble_phase_detector - INFO - Running spectral phase detection...
2025-08-01 14:16:31,536 - embedding_analysis.models.ensemble_phase_detector - INFO - Running clustering phase detection...
2025-08-01 14:16:31,574 - embedding_analysis.models.ensemble_phase_detector - INFO - Running embedding_shift phase detection...
2025-08-01 14:16:31,577 - embedding_analysis.models.ensemble_phase_detector - INFO - Running change_point phase detection...
2025-08-01 14:16:31,607 - embedding_analysis.models.ensemble_phase_detector - INFO - Running hmm phase detection...
2025-08-01 14:16:31,632 - embedding_analysis.models.ensemble_phase_detector - INFO - Running spectral phase detection...
2025-08-01 14:16:31,635 - embedding_analysis.models.ensemble_phase_detector - INFO - Running clustering phase detection...
2025-08-01 14:16:31,699 - embedding_analysis.models.ensemble_phase_detector - INFO - Running embedding_shift phase detection...
2025-08-01 14:16:31,701 - embedding_analysis.models.ensemble_phase_detector - INFO - Running change_point phase detection...
2025-08-01 14:16:31,731 - embedding_analysis.models.ensemble_phase_detector - INFO - Running hmm phase detection...
2025-08-01 14:16:31,813 - embedding_analysis.models.ensemble_phase_detector - INFO - Running spectral phase detection...
2025-08-01 14:16:31,815 - embedding_analysis.models.ensemble_phase_detector - INFO - Running clustering phase detection...
2025-08-01 14:16:31,824 - embedding_analysis.models.ensemble_phase_detector - INFO - Running embedding_shift phase detection...
2025-08-01 14:16:31,826 - embedding_analysis.models.ensemble_phase_detector - INFO - Running change_point phase detection...
2025-08-01 14:16:31,853 - embedding_analysis.models.ensemble_phase_detector - INFO - Running hmm phase detection...
2025-08-01 14:16:31,931 - embedding_analysis.models.ensemble_phase_detector - INFO - Running spectral phase detection...
2025-08-01 14:16:31,933 - embedding_analysis.models.ensemble_phase_detector - INFO - Running clustering phase detection...
2025-08-01 14:16:32,066 - embedding_analysis.visualization.ensemble_plots - INFO - Creating figure (35x38)...
2025-08-01 14:16:43,648 - embedding_analysis.visualization.ensemble_plots - INFO - Saved ensemble visualization to analysis_output/figures/ensemble/png/Consciousness_Exploration_2025-06-12_5-Y_ensemble.png
2025-08-01 14:16:47,476 - embedding_analysis.visualization.ensemble_plots - INFO - Saved ensemble visualization to analysis_output/figures/ensemble/pdf/Consciousness_Exploration_2025-06-12_5-Y_ensemble.pdf
2025-08-01 14:16:53,055 - embedding_analysis.models.ensemble_phase_detector - INFO - Running embedding_shift phase detection...
2025-08-01 14:16:53,058 - embedding_analysis.models.ensemble_phase_detector - INFO - Running change_point phase detection...
2025-08-01 14:16:53,195 - embedding_analysis.models.ensemble_phase_detector - INFO - Running hmm phase detection...
2025-08-01 14:16:53,366 - embedding_analysis.models.ensemble_phase_detector - INFO - Running spectral phase detection...
2025-08-01 14:16:53,370 - embedding_analysis.models.ensemble_phase_detector - INFO - Running clustering phase detection...
2025-08-01 14:16:53,406 - embedding_analysis.models.ensemble_phase_detector - INFO - Running embedding_shift phase detection...
2025-08-01 14:16:53,412 - embedding_analysis.models.ensemble_phase_detector - INFO - Running change_point phase detection...
2025-08-01 14:16:53,536 - embedding_analysis.models.ensemble_phase_detector - INFO - Running hmm phase detection...
2025-08-01 14:16:53,690 - embedding_analysis.models.ensemble_phase_detector - INFO - Running spectral phase detection...
2025-08-01 14:16:53,694 - embedding_analysis.models.ensemble_phase_detector - INFO - Running clustering phase detection...
2025-08-01 14:16:53,786 - embedding_analysis.models.ensemble_phase_detector - INFO - Running embedding_shift phase detection...
2025-08-01 14:16:53,791 - embedding_analysis.models.ensemble_phase_detector - INFO - Running change_point phase detection...
2025-08-01 14:16:53,932 - embedding_analysis.models.ensemble_phase_detector - INFO - Running hmm phase detection...
2025-08-01 14:16:54,105 - embedding_analysis.models.ensemble_phase_detector - INFO - Running spectral phase detection...
2025-08-01 14:16:54,109 - embedding_analysis.models.ensemble_phase_detector - INFO - Running clustering phase detection...
2025-08-01 14:16:54,142 - embedding_analysis.models.ensemble_phase_detector - INFO - Running embedding_shift phase detection...
2025-08-01 14:16:54,147 - embedding_analysis.models.ensemble_phase_detector - INFO - Running change_point phase detection...
2025-08-01 14:16:54,291 - embedding_analysis.models.ensemble_phase_detector - INFO - Running hmm phase detection...
2025-08-01 14:16:54,443 - embedding_analysis.models.ensemble_phase_detector - INFO - Running spectral phase detection...
2025-08-01 14:16:54,447 - embedding_analysis.models.ensemble_phase_detector - INFO - Running clustering phase detection...
2025-08-01 14:16:54,465 - embedding_analysis.models.ensemble_phase_detector - INFO - Running embedding_shift phase detection...
2025-08-01 14:16:54,470 - embedding_analysis.models.ensemble_phase_detector - INFO - Running change_point phase detection...
2025-08-01 14:16:54,614 - embedding_analysis.models.ensemble_phase_detector - INFO - Running hmm phase detection...
2025-08-01 14:16:54,796 - embedding_analysis.models.ensemble_phase_detector - INFO - Running spectral phase detection...
2025-08-01 14:16:54,800 - embedding_analysis.models.ensemble_phase_detector - INFO - Running clustering phase detection...
2025-08-01 14:16:55,107 - embedding_analysis.visualization.ensemble_plots - INFO - Creating figure (35x38)...
2025-08-01 14:17:11,705 - embedding_analysis.visualization.ensemble_plots - INFO - Saved ensemble visualization to analysis_output/figures/ensemble/png/experiment-consciousness-exploration-session-consciousness_exploration-2025-07-29-16-be09e2fa_ensemble.png
2025-08-01 14:17:15,690 - embedding_analysis.visualization.ensemble_plots - INFO - Saved ensemble visualization to analysis_output/figures/ensemble/pdf/experiment-consciousness-exploration-session-consciousness_exploration-2025-07-29-16-be09e2fa_ensemble.pdf
2025-08-01 14:17:21,324 - embedding_analysis.models.ensemble_phase_detector - INFO - Running embedding_shift phase detection...
2025-08-01 14:17:21,327 - embedding_analysis.models.ensemble_phase_detector - INFO - Running change_point phase detection...
2025-08-01 14:17:21,449 - embedding_analysis.models.ensemble_phase_detector - INFO - Running hmm phase detection...
2025-08-01 14:17:21,589 - embedding_analysis.models.ensemble_phase_detector - INFO - Running spectral phase detection...
2025-08-01 14:17:21,594 - embedding_analysis.models.ensemble_phase_detector - INFO - Running clustering phase detection...
2025-08-01 14:17:21,626 - embedding_analysis.models.ensemble_phase_detector - INFO - Running embedding_shift phase detection...
2025-08-01 14:17:21,632 - embedding_analysis.models.ensemble_phase_detector - INFO - Running change_point phase detection...
2025-08-01 14:17:21,767 - embedding_analysis.models.ensemble_phase_detector - INFO - Running hmm phase detection...
2025-08-01 14:17:21,919 - embedding_analysis.models.ensemble_phase_detector - INFO - Running spectral phase detection...
2025-08-01 14:17:21,923 - embedding_analysis.models.ensemble_phase_detector - INFO - Running clustering phase detection...
2025-08-01 14:17:22,010 - embedding_analysis.models.ensemble_phase_detector - INFO - Running embedding_shift phase detection...
2025-08-01 14:17:22,015 - embedding_analysis.models.ensemble_phase_detector - INFO - Running change_point phase detection...
2025-08-01 14:17:22,154 - embedding_analysis.models.ensemble_phase_detector - INFO - Running hmm phase detection...
2025-08-01 14:17:22,326 - embedding_analysis.models.ensemble_phase_detector - INFO - Running spectral phase detection...
2025-08-01 14:17:22,331 - embedding_analysis.models.ensemble_phase_detector - INFO - Running clustering phase detection...
2025-08-01 14:17:22,367 - embedding_analysis.models.ensemble_phase_detector - INFO - Running embedding_shift phase detection...
2025-08-01 14:17:22,372 - embedding_analysis.models.ensemble_phase_detector - INFO - Running change_point phase detection...
2025-08-01 14:17:22,505 - embedding_analysis.models.ensemble_phase_detector - INFO - Running hmm phase detection...
2025-08-01 14:17:22,655 - embedding_analysis.models.ensemble_phase_detector - INFO - Running spectral phase detection...
2025-08-01 14:17:22,660 - embedding_analysis.models.ensemble_phase_detector - INFO - Running clustering phase detection...
2025-08-01 14:17:22,679 - embedding_analysis.models.ensemble_phase_detector - INFO - Running embedding_shift phase detection...
2025-08-01 14:17:22,685 - embedding_analysis.models.ensemble_phase_detector - INFO - Running change_point phase detection...
2025-08-01 14:17:22,826 - embedding_analysis.models.ensemble_phase_detector - INFO - Running hmm phase detection...
2025-08-01 14:17:22,966 - embedding_analysis.models.ensemble_phase_detector - INFO - Running spectral phase detection...
2025-08-01 14:17:22,970 - embedding_analysis.models.ensemble_phase_detector - INFO - Running clustering phase detection...
2025-08-01 14:17:23,237 - embedding_analysis.visualization.ensemble_plots - INFO - Creating figure (35x38)...
2025-08-01 14:17:39,941 - embedding_analysis.visualization.ensemble_plots - INFO - Saved ensemble visualization to analysis_output/figures/ensemble/png/experiment-consciousness-exploration-session-consciousness_exploration-2025-07-29-10-e643546b_ensemble.png
2025-08-01 14:17:44,134 - embedding_analysis.visualization.ensemble_plots - INFO - Saved ensemble visualization to analysis_output/figures/ensemble/pdf/experiment-consciousness-exploration-session-consciousness_exploration-2025-07-29-10-e643546b_ensemble.pdf
2025-08-01 14:17:49,734 - embedding_analysis.models.ensemble_phase_detector - INFO - Running embedding_shift phase detection...
2025-08-01 14:17:49,737 - embedding_analysis.models.ensemble_phase_detector - INFO - Running change_point phase detection...
2025-08-01 14:17:49,899 - embedding_analysis.models.ensemble_phase_detector - INFO - Running hmm phase detection...
2025-08-01 14:17:50,073 - embedding_analysis.models.ensemble_phase_detector - INFO - Running spectral phase detection...
2025-08-01 14:17:50,078 - embedding_analysis.models.ensemble_phase_detector - INFO - Running clustering phase detection...
2025-08-01 14:17:50,111 - embedding_analysis.models.ensemble_phase_detector - INFO - Running embedding_shift phase detection...
2025-08-01 14:17:50,116 - embedding_analysis.models.ensemble_phase_detector - INFO - Running change_point phase detection...
2025-08-01 14:17:50,254 - embedding_analysis.models.ensemble_phase_detector - INFO - Running hmm phase detection...
2025-08-01 14:17:50,419 - embedding_analysis.models.ensemble_phase_detector - INFO - Running spectral phase detection...
2025-08-01 14:17:50,423 - embedding_analysis.models.ensemble_phase_detector - INFO - Running clustering phase detection...
2025-08-01 14:17:50,529 - embedding_analysis.models.ensemble_phase_detector - INFO - Running embedding_shift phase detection...
2025-08-01 14:17:50,535 - embedding_analysis.models.ensemble_phase_detector - INFO - Running change_point phase detection...
2025-08-01 14:17:50,692 - embedding_analysis.models.ensemble_phase_detector - INFO - Running hmm phase detection...
2025-08-01 14:17:50,878 - embedding_analysis.models.ensemble_phase_detector - INFO - Running spectral phase detection...
2025-08-01 14:17:50,882 - embedding_analysis.models.ensemble_phase_detector - INFO - Running clustering phase detection...
2025-08-01 14:17:50,917 - embedding_analysis.models.ensemble_phase_detector - INFO - Running embedding_shift phase detection...
2025-08-01 14:17:50,920 - embedding_analysis.models.ensemble_phase_detector - INFO - Running change_point phase detection...
2025-08-01 14:17:51,056 - embedding_analysis.models.ensemble_phase_detector - INFO - Running hmm phase detection...
2025-08-01 14:17:51,230 - embedding_analysis.models.ensemble_phase_detector - INFO - Running spectral phase detection...
2025-08-01 14:17:51,234 - embedding_analysis.models.ensemble_phase_detector - INFO - Running clustering phase detection...
2025-08-01 14:17:51,254 - embedding_analysis.models.ensemble_phase_detector - INFO - Running embedding_shift phase detection...
2025-08-01 14:17:51,259 - embedding_analysis.models.ensemble_phase_detector - INFO - Running change_point phase detection...
2025-08-01 14:17:51,398 - embedding_analysis.models.ensemble_phase_detector - INFO - Running hmm phase detection...
2025-08-01 14:17:51,615 - embedding_analysis.models.ensemble_phase_detector - INFO - Running spectral phase detection...
2025-08-01 14:17:51,619 - embedding_analysis.models.ensemble_phase_detector - INFO - Running clustering phase detection...
2025-08-01 14:17:51,892 - embedding_analysis.visualization.ensemble_plots - INFO - Creating figure (35x38)...
2025-08-01 14:18:08,146 - embedding_analysis.visualization.ensemble_plots - INFO - Saved ensemble visualization to analysis_output/figures/ensemble/png/experiment-consciousness-exploration-session-consciousness_exploration-2025-07-29-18-4fe5a383_ensemble.png
2025-08-01 14:18:12,437 - embedding_analysis.visualization.ensemble_plots - INFO - Saved ensemble visualization to analysis_output/figures/ensemble/pdf/experiment-consciousness-exploration-session-consciousness_exploration-2025-07-29-18-4fe5a383_ensemble.pdf
2025-08-01 14:18:18,234 - embedding_analysis.models.ensemble_phase_detector - INFO - Running embedding_shift phase detection...
2025-08-01 14:18:18,237 - embedding_analysis.models.ensemble_phase_detector - INFO - Running change_point phase detection...
2025-08-01 14:18:18,385 - embedding_analysis.models.ensemble_phase_detector - INFO - Running hmm phase detection...
2025-08-01 14:18:18,545 - embedding_analysis.models.ensemble_phase_detector - INFO - Running spectral phase detection...
2025-08-01 14:18:18,549 - embedding_analysis.models.ensemble_phase_detector - INFO - Running clustering phase detection...
2025-08-01 14:18:18,589 - embedding_analysis.models.ensemble_phase_detector - INFO - Running embedding_shift phase detection...
2025-08-01 14:18:18,595 - embedding_analysis.models.ensemble_phase_detector - INFO - Running change_point phase detection...
2025-08-01 14:18:18,729 - embedding_analysis.models.ensemble_phase_detector - INFO - Running hmm phase detection...
2025-08-01 14:18:18,886 - embedding_analysis.models.ensemble_phase_detector - INFO - Running spectral phase detection...
2025-08-01 14:18:18,890 - embedding_analysis.models.ensemble_phase_detector - INFO - Running clustering phase detection...
2025-08-01 14:18:18,990 - embedding_analysis.models.ensemble_phase_detector - INFO - Running embedding_shift phase detection...
2025-08-01 14:18:18,995 - embedding_analysis.models.ensemble_phase_detector - INFO - Running change_point phase detection...
2025-08-01 14:18:19,136 - embedding_analysis.models.ensemble_phase_detector - INFO - Running hmm phase detection...
2025-08-01 14:18:19,302 - embedding_analysis.models.ensemble_phase_detector - INFO - Running spectral phase detection...
2025-08-01 14:18:19,306 - embedding_analysis.models.ensemble_phase_detector - INFO - Running clustering phase detection...
2025-08-01 14:18:19,340 - embedding_analysis.models.ensemble_phase_detector - INFO - Running embedding_shift phase detection...
2025-08-01 14:18:19,345 - embedding_analysis.models.ensemble_phase_detector - INFO - Running change_point phase detection...
2025-08-01 14:18:19,473 - embedding_analysis.models.ensemble_phase_detector - INFO - Running hmm phase detection...
2025-08-01 14:18:19,643 - embedding_analysis.models.ensemble_phase_detector - INFO - Running spectral phase detection...
2025-08-01 14:18:19,648 - embedding_analysis.models.ensemble_phase_detector - INFO - Running clustering phase detection...
2025-08-01 14:18:19,666 - embedding_analysis.models.ensemble_phase_detector - INFO - Running embedding_shift phase detection...
2025-08-01 14:18:19,671 - embedding_analysis.models.ensemble_phase_detector - INFO - Running change_point phase detection...
2025-08-01 14:18:19,805 - embedding_analysis.models.ensemble_phase_detector - INFO - Running hmm phase detection...
2025-08-01 14:18:19,980 - embedding_analysis.models.ensemble_phase_detector - INFO - Running spectral phase detection...
2025-08-01 14:18:19,984 - embedding_analysis.models.ensemble_phase_detector - INFO - Running clustering phase detection...
2025-08-01 14:18:20,220 - embedding_analysis.visualization.ensemble_plots - INFO - Creating figure (35x38)...
2025-08-01 14:18:37,305 - embedding_analysis.visualization.ensemble_plots - INFO - Saved ensemble visualization to analysis_output/figures/ensemble/png/experiment-consciousness-exploration-session-consciousness_exploration-2025-07-29-17-1d5f6c74_ensemble.png
2025-08-01 14:18:41,464 - embedding_analysis.visualization.ensemble_plots - INFO - Saved ensemble visualization to analysis_output/figures/ensemble/pdf/experiment-consciousness-exploration-session-consciousness_exploration-2025-07-29-17-1d5f6c74_ensemble.pdf
2025-08-01 14:18:47,012 - embedding_analysis.models.ensemble_phase_detector - INFO - Running embedding_shift phase detection...
2025-08-01 14:18:47,015 - embedding_analysis.models.ensemble_phase_detector - INFO - Running change_point phase detection...
2025-08-01 14:18:47,163 - embedding_analysis.models.ensemble_phase_detector - INFO - Running hmm phase detection...
2025-08-01 14:18:47,328 - embedding_analysis.models.ensemble_phase_detector - INFO - Running spectral phase detection...
2025-08-01 14:18:47,333 - embedding_analysis.models.ensemble_phase_detector - INFO - Running clustering phase detection...
2025-08-01 14:18:47,361 - embedding_analysis.models.ensemble_phase_detector - INFO - Running embedding_shift phase detection...
2025-08-01 14:18:47,366 - embedding_analysis.models.ensemble_phase_detector - INFO - Running change_point phase detection...
2025-08-01 14:18:47,499 - embedding_analysis.models.ensemble_phase_detector - INFO - Running hmm phase detection...
2025-08-01 14:18:47,636 - embedding_analysis.models.ensemble_phase_detector - INFO - Running spectral phase detection...
2025-08-01 14:18:47,640 - embedding_analysis.models.ensemble_phase_detector - INFO - Running clustering phase detection...
2025-08-01 14:18:47,731 - embedding_analysis.models.ensemble_phase_detector - INFO - Running embedding_shift phase detection...
2025-08-01 14:18:47,736 - embedding_analysis.models.ensemble_phase_detector - INFO - Running change_point phase detection...
2025-08-01 14:18:47,876 - embedding_analysis.models.ensemble_phase_detector - INFO - Running hmm phase detection...
2025-08-01 14:18:48,032 - embedding_analysis.models.ensemble_phase_detector - INFO - Running spectral phase detection...
2025-08-01 14:18:48,036 - embedding_analysis.models.ensemble_phase_detector - INFO - Running clustering phase detection...
2025-08-01 14:18:48,073 - embedding_analysis.models.ensemble_phase_detector - INFO - Running embedding_shift phase detection...
2025-08-01 14:18:48,079 - embedding_analysis.models.ensemble_phase_detector - INFO - Running change_point phase detection...
2025-08-01 14:18:48,214 - embedding_analysis.models.ensemble_phase_detector - INFO - Running hmm phase detection...
2025-08-01 14:18:48,417 - embedding_analysis.models.ensemble_phase_detector - INFO - Running spectral phase detection...
2025-08-01 14:18:48,421 - embedding_analysis.models.ensemble_phase_detector - INFO - Running clustering phase detection...
2025-08-01 14:18:48,440 - embedding_analysis.models.ensemble_phase_detector - INFO - Running embedding_shift phase detection...
2025-08-01 14:18:48,445 - embedding_analysis.models.ensemble_phase_detector - INFO - Running change_point phase detection...
2025-08-01 14:18:48,580 - embedding_analysis.models.ensemble_phase_detector - INFO - Running hmm phase detection...
2025-08-01 14:18:48,726 - embedding_analysis.models.ensemble_phase_detector - INFO - Running spectral phase detection...
2025-08-01 14:18:48,730 - embedding_analysis.models.ensemble_phase_detector - INFO - Running clustering phase detection...
2025-08-01 14:18:48,969 - embedding_analysis.visualization.ensemble_plots - INFO - Creating figure (35x38)...
2025-08-01 14:19:05,179 - embedding_analysis.visualization.ensemble_plots - INFO - Saved ensemble visualization to analysis_output/figures/ensemble/png/experiment-consciousness-exploration-session-consciousness_exploration-2025-07-29-1-edd4f263_ensemble.png
2025-08-01 14:19:09,166 - embedding_analysis.visualization.ensemble_plots - INFO - Saved ensemble visualization to analysis_output/figures/ensemble/pdf/experiment-consciousness-exploration-session-consciousness_exploration-2025-07-29-1-edd4f263_ensemble.pdf
2025-08-01 14:19:12,661 - embedding_analysis.models.ensemble_phase_detector - INFO - Running embedding_shift phase detection...
2025-08-01 14:19:12,663 - embedding_analysis.models.ensemble_phase_detector - INFO - Running change_point phase detection...
2025-08-01 14:19:12,749 - embedding_analysis.models.ensemble_phase_detector - INFO - Running hmm phase detection...
2025-08-01 14:19:12,876 - embedding_analysis.models.ensemble_phase_detector - INFO - Running spectral phase detection...
2025-08-01 14:19:12,880 - embedding_analysis.models.ensemble_phase_detector - INFO - Running clustering phase detection...
2025-08-01 14:19:12,900 - embedding_analysis.models.ensemble_phase_detector - INFO - Running embedding_shift phase detection...
2025-08-01 14:19:12,904 - embedding_analysis.models.ensemble_phase_detector - INFO - Running change_point phase detection...
2025-08-01 14:19:12,958 - embedding_analysis.models.ensemble_phase_detector - INFO - Running hmm phase detection...
2025-08-01 14:19:13,061 - embedding_analysis.models.ensemble_phase_detector - INFO - Running spectral phase detection...
2025-08-01 14:19:13,064 - embedding_analysis.models.ensemble_phase_detector - INFO - Running clustering phase detection...
2025-08-01 14:19:13,118 - embedding_analysis.models.ensemble_phase_detector - INFO - Running embedding_shift phase detection...
2025-08-01 14:19:13,121 - embedding_analysis.models.ensemble_phase_detector - INFO - Running change_point phase detection...
2025-08-01 14:19:13,171 - embedding_analysis.models.ensemble_phase_detector - INFO - Running hmm phase detection...
2025-08-01 14:19:13,287 - embedding_analysis.models.ensemble_phase_detector - INFO - Running spectral phase detection...
2025-08-01 14:19:13,291 - embedding_analysis.models.ensemble_phase_detector - INFO - Running clustering phase detection...
2025-08-01 14:19:13,309 - embedding_analysis.models.ensemble_phase_detector - INFO - Running embedding_shift phase detection...
2025-08-01 14:19:13,312 - embedding_analysis.models.ensemble_phase_detector - INFO - Running change_point phase detection...
2025-08-01 14:19:13,376 - embedding_analysis.models.ensemble_phase_detector - INFO - Running hmm phase detection...
2025-08-01 14:19:13,479 - embedding_analysis.models.ensemble_phase_detector - INFO - Running spectral phase detection...
2025-08-01 14:19:13,482 - embedding_analysis.models.ensemble_phase_detector - INFO - Running clustering phase detection...
2025-08-01 14:19:13,498 - embedding_analysis.models.ensemble_phase_detector - INFO - Running embedding_shift phase detection...
2025-08-01 14:19:13,500 - embedding_analysis.models.ensemble_phase_detector - INFO - Running change_point phase detection...
2025-08-01 14:19:13,566 - embedding_analysis.models.ensemble_phase_detector - INFO - Running hmm phase detection...
2025-08-01 14:19:13,677 - embedding_analysis.models.ensemble_phase_detector - INFO - Running spectral phase detection...
2025-08-01 14:19:13,680 - embedding_analysis.models.ensemble_phase_detector - INFO - Running clustering phase detection...
2025-08-01 14:19:13,881 - embedding_analysis.visualization.ensemble_plots - INFO - Creating figure (35x38)...
2025-08-01 14:19:26,404 - embedding_analysis.visualization.ensemble_plots - INFO - Saved ensemble visualization to analysis_output/figures/ensemble/png/Consciousness_Exploration_2025-06-17_24_ensemble.png
2025-08-01 14:19:30,122 - embedding_analysis.visualization.ensemble_plots - INFO - Saved ensemble visualization to analysis_output/figures/ensemble/pdf/Consciousness_Exploration_2025-06-17_24_ensemble.pdf
2025-08-01 14:19:33,768 - embedding_analysis.models.ensemble_phase_detector - INFO - Running embedding_shift phase detection...
2025-08-01 14:19:33,771 - embedding_analysis.models.ensemble_phase_detector - INFO - Running change_point phase detection...
2025-08-01 14:19:33,848 - embedding_analysis.models.ensemble_phase_detector - INFO - Running hmm phase detection...
2025-08-01 14:19:34,051 - embedding_analysis.models.ensemble_phase_detector - INFO - Running spectral phase detection...
2025-08-01 14:19:34,054 - embedding_analysis.models.ensemble_phase_detector - INFO - Running clustering phase detection...
2025-08-01 14:19:34,078 - embedding_analysis.models.ensemble_phase_detector - INFO - Running embedding_shift phase detection...
2025-08-01 14:19:34,082 - embedding_analysis.models.ensemble_phase_detector - INFO - Running change_point phase detection...
2025-08-01 14:19:34,166 - embedding_analysis.models.ensemble_phase_detector - INFO - Running hmm phase detection...
2025-08-01 14:19:34,276 - embedding_analysis.models.ensemble_phase_detector - INFO - Running spectral phase detection...
2025-08-01 14:19:34,279 - embedding_analysis.models.ensemble_phase_detector - INFO - Running clustering phase detection...
2025-08-01 14:19:34,340 - embedding_analysis.models.ensemble_phase_detector - INFO - Running embedding_shift phase detection...
2025-08-01 14:19:34,344 - embedding_analysis.models.ensemble_phase_detector - INFO - Running change_point phase detection...
2025-08-01 14:19:34,418 - embedding_analysis.models.ensemble_phase_detector - INFO - Running hmm phase detection...
2025-08-01 14:19:34,544 - embedding_analysis.models.ensemble_phase_detector - INFO - Running spectral phase detection...
2025-08-01 14:19:34,548 - embedding_analysis.models.ensemble_phase_detector - INFO - Running clustering phase detection...
2025-08-01 14:19:34,568 - embedding_analysis.models.ensemble_phase_detector - INFO - Running embedding_shift phase detection...
2025-08-01 14:19:34,572 - embedding_analysis.models.ensemble_phase_detector - INFO - Running change_point phase detection...
2025-08-01 14:19:34,638 - embedding_analysis.models.ensemble_phase_detector - INFO - Running hmm phase detection...
2025-08-01 14:19:34,747 - embedding_analysis.models.ensemble_phase_detector - INFO - Running spectral phase detection...
2025-08-01 14:19:34,751 - embedding_analysis.models.ensemble_phase_detector - INFO - Running clustering phase detection...
2025-08-01 14:19:34,762 - embedding_analysis.models.ensemble_phase_detector - INFO - Running embedding_shift phase detection...
2025-08-01 14:19:34,766 - embedding_analysis.models.ensemble_phase_detector - INFO - Running change_point phase detection...
2025-08-01 14:19:34,842 - embedding_analysis.models.ensemble_phase_detector - INFO - Running hmm phase detection...
2025-08-01 14:19:34,959 - embedding_analysis.models.ensemble_phase_detector - INFO - Running spectral phase detection...
2025-08-01 14:19:34,962 - embedding_analysis.models.ensemble_phase_detector - INFO - Running clustering phase detection...
2025-08-01 14:19:35,150 - embedding_analysis.visualization.ensemble_plots - INFO - Creating figure (35x38)...
2025-08-01 14:19:48,423 - embedding_analysis.visualization.ensemble_plots - INFO - Saved ensemble visualization to analysis_output/figures/ensemble/png/Consciousness_Exploration_2025-06-17_22_ensemble.png
2025-08-01 14:19:52,396 - embedding_analysis.visualization.ensemble_plots - INFO - Saved ensemble visualization to analysis_output/figures/ensemble/pdf/Consciousness_Exploration_2025-06-17_22_ensemble.pdf
