2025-08-01 13:29:37,260 - embedding_analysis - INFO - Logging to file: analysis_output/logs/analysis_20250801_132937.log
2025-08-01 13:29:37,314 - embedding_analysis.core.embedder - INFO - ✓ GPU detected! Using NVIDIA GeForce RTX 4070 SUPER for acceleration
2025-08-01 13:29:37,314 - embedding_analysis.core.embedder - INFO - Loading 5 models for ensemble...
2025-08-01 13:29:37,314 - embedding_analysis.core.embedder - INFO - Loading MiniLM-L6 (all-MiniLM-L6-v2)...
2025-08-01 13:29:38,238 - embedding_analysis.core.embedder - INFO - ✓ Loaded MiniLM-L6 with 384 dimensions
2025-08-01 13:29:38,238 - embedding_analysis.core.embedder - INFO - Loading MPNet (all-mpnet-base-v2)...
2025-08-01 13:29:49,801 - embedding_analysis.core.embedder - INFO - ✓ Loaded MPNet with 768 dimensions
2025-08-01 13:29:49,801 - embedding_analysis.core.embedder - INFO - Loading MiniLM-L12 (all-MiniLM-L12-v2)...
2025-08-01 13:30:06,651 - embedding_analysis.core.embedder - INFO - ✓ Loaded MiniLM-L12 with 384 dimensions
2025-08-01 13:30:06,651 - embedding_analysis.core.embedder - INFO - Loading DistilRoBERTa (all-distilroberta-v1)...
2025-08-01 13:30:23,997 - embedding_analysis.core.embedder - INFO - ✓ Loaded DistilRoBERTa with 768 dimensions
2025-08-01 13:30:23,997 - embedding_analysis.core.embedder - INFO - Loading E5-small (intfloat/e5-small-v2)...
2025-08-01 13:30:43,637 - embedding_analysis.core.embedder - INFO - ✓ Loaded E5-small with 384 dimensions
2025-08-01 13:30:43,638 - embedding_analysis - INFO - ======================================================================
2025-08-01 13:30:43,638 - embedding_analysis - INFO - GEOMETRIC INVARIANCE ANALYSIS
2025-08-01 13:30:43,638 - embedding_analysis - INFO - ======================================================================
2025-08-01 13:30:43,638 - embedding_analysis - INFO - Loading conversations from /home/knots/git/the-academy/docs/paper/exp-data/phase-1-premium
2025-08-01 13:30:44,112 - embedding_analysis.core.conversation - INFO - Loaded 67 conversations from /home/knots/git/the-academy/docs/paper/exp-data/phase-1-premium
2025-08-01 13:30:44,112 - embedding_analysis.core.conversation - INFO - Filtered 67 to 67 conversations
2025-08-01 13:30:44,112 - embedding_analysis - INFO - Loading conversations from /home/knots/git/the-academy/docs/paper/exp-data/phase-2-efficient
2025-08-01 13:30:44,442 - embedding_analysis.core.conversation - INFO - Loaded 62 conversations from /home/knots/git/the-academy/docs/paper/exp-data/phase-2-efficient
2025-08-01 13:30:44,443 - embedding_analysis.core.conversation - INFO - Filtered 62 to 62 conversations
2025-08-01 13:30:44,443 - embedding_analysis - INFO - Loading conversations from /home/knots/git/the-academy/docs/paper/exp-data/phase-3-no-reasoning
2025-08-01 13:30:45,164 - embedding_analysis.core.conversation - INFO - Loaded 100 conversations from /home/knots/git/the-academy/docs/paper/exp-data/phase-3-no-reasoning
2025-08-01 13:30:45,165 - embedding_analysis.core.conversation - INFO - Filtered 100 to 100 conversations
2025-08-01 13:30:45,165 - embedding_analysis - INFO - Loaded 229 conversations total
2025-08-01 13:30:45,165 - embedding_analysis - INFO - 
Analyzing 229 conversations for geometric invariance...
2025-08-01 13:30:45,165 - embedding_analysis - INFO - Processing 229 conversations in 10 batches of 25
2025-08-01 13:30:45,166 - embedding_analysis - INFO -   Batch 1/10: Embedding 4349 messages from 25 conversations
2025-08-01 13:31:51,995 - embedding_analysis.models.ensemble_phase_detector - INFO - Running embedding_shift phase detection...
2025-08-01 13:31:51,997 - embedding_analysis.models.ensemble_phase_detector - INFO - Running change_point phase detection...
2025-08-01 13:31:52,044 - embedding_analysis.models.ensemble_phase_detector - INFO - Running hmm phase detection...
2025-08-01 13:31:52,150 - embedding_analysis.models.ensemble_phase_detector - INFO - Running spectral phase detection...
2025-08-01 13:31:52,153 - embedding_analysis.models.ensemble_phase_detector - INFO - Running clustering phase detection...
2025-08-01 13:31:52,178 - embedding_analysis.models.ensemble_phase_detector - INFO - Running embedding_shift phase detection...
2025-08-01 13:31:52,181 - embedding_analysis.models.ensemble_phase_detector - INFO - Running change_point phase detection...
2025-08-01 13:31:52,225 - embedding_analysis.models.ensemble_phase_detector - INFO - Running hmm phase detection...
2025-08-01 13:31:52,348 - embedding_analysis.models.ensemble_phase_detector - INFO - Running spectral phase detection...
2025-08-01 13:31:52,351 - embedding_analysis.models.ensemble_phase_detector - INFO - Running clustering phase detection...
2025-08-01 13:31:52,580 - embedding_analysis.models.ensemble_phase_detector - INFO - Running embedding_shift phase detection...
2025-08-01 13:31:52,583 - embedding_analysis.models.ensemble_phase_detector - INFO - Running change_point phase detection...
2025-08-01 13:31:52,626 - embedding_analysis.models.ensemble_phase_detector - INFO - Running hmm phase detection...
2025-08-01 13:31:52,724 - embedding_analysis.models.ensemble_phase_detector - INFO - Running spectral phase detection...
2025-08-01 13:31:52,728 - embedding_analysis.models.ensemble_phase_detector - INFO - Running clustering phase detection...
2025-08-01 13:31:52,756 - embedding_analysis.models.ensemble_phase_detector - INFO - Running embedding_shift phase detection...
2025-08-01 13:31:52,759 - embedding_analysis.models.ensemble_phase_detector - INFO - Running change_point phase detection...
2025-08-01 13:31:52,797 - embedding_analysis.models.ensemble_phase_detector - INFO - Running hmm phase detection...
2025-08-01 13:31:52,889 - embedding_analysis.models.ensemble_phase_detector - INFO - Running spectral phase detection...
2025-08-01 13:31:52,892 - embedding_analysis.models.ensemble_phase_detector - INFO - Running clustering phase detection...
2025-08-01 13:31:53,127 - embedding_analysis.models.ensemble_phase_detector - INFO - Running embedding_shift phase detection...
2025-08-01 13:31:53,130 - embedding_analysis.models.ensemble_phase_detector - INFO - Running change_point phase detection...
2025-08-01 13:31:53,176 - embedding_analysis.models.ensemble_phase_detector - INFO - Running hmm phase detection...
2025-08-01 13:31:53,286 - embedding_analysis.models.ensemble_phase_detector - INFO - Running spectral phase detection...
2025-08-01 13:31:53,288 - embedding_analysis.models.ensemble_phase_detector - INFO - Running clustering phase detection...
2025-08-01 13:31:53,472 - embedding_analysis.visualization.ensemble_plots - INFO - Creating figure (35x38)...
2025-08-01 13:32:05,395 - embedding_analysis.visualization.ensemble_plots - INFO - Saved ensemble visualization to analysis_output/figures/ensemble/png/Consciousness_Exploration_2025-06-12_6-Y_ensemble.png
2025-08-01 13:32:09,161 - embedding_analysis.visualization.ensemble_plots - INFO - Saved ensemble visualization to analysis_output/figures/ensemble/pdf/Consciousness_Exploration_2025-06-12_6-Y_ensemble.pdf
2025-08-01 13:32:16,165 - embedding_analysis.models.ensemble_phase_detector - INFO - Running embedding_shift phase detection...
2025-08-01 13:32:16,168 - embedding_analysis.models.ensemble_phase_detector - INFO - Running change_point phase detection...
2025-08-01 13:32:16,307 - embedding_analysis.models.ensemble_phase_detector - INFO - Running hmm phase detection...
2025-08-01 13:32:16,470 - embedding_analysis.models.ensemble_phase_detector - INFO - Running spectral phase detection...
2025-08-01 13:32:16,474 - embedding_analysis.models.ensemble_phase_detector - INFO - Running clustering phase detection...
2025-08-01 13:32:16,508 - embedding_analysis.models.ensemble_phase_detector - INFO - Running embedding_shift phase detection...
2025-08-01 13:32:16,514 - embedding_analysis.models.ensemble_phase_detector - INFO - Running change_point phase detection...
2025-08-01 13:32:16,672 - embedding_analysis.models.ensemble_phase_detector - INFO - Running hmm phase detection...
2025-08-01 13:32:16,828 - embedding_analysis.models.ensemble_phase_detector - INFO - Running spectral phase detection...
2025-08-01 13:32:16,832 - embedding_analysis.models.ensemble_phase_detector - INFO - Running clustering phase detection...
2025-08-01 13:32:17,357 - embedding_analysis.models.ensemble_phase_detector - INFO - Running embedding_shift phase detection...
2025-08-01 13:32:17,362 - embedding_analysis.models.ensemble_phase_detector - INFO - Running change_point phase detection...
2025-08-01 13:32:17,504 - embedding_analysis.models.ensemble_phase_detector - INFO - Running hmm phase detection...
2025-08-01 13:32:17,669 - embedding_analysis.models.ensemble_phase_detector - INFO - Running spectral phase detection...
2025-08-01 13:32:17,673 - embedding_analysis.models.ensemble_phase_detector - INFO - Running clustering phase detection...
2025-08-01 13:32:17,710 - embedding_analysis.models.ensemble_phase_detector - INFO - Running embedding_shift phase detection...
2025-08-01 13:32:17,716 - embedding_analysis.models.ensemble_phase_detector - INFO - Running change_point phase detection...
2025-08-01 13:32:17,839 - embedding_analysis.models.ensemble_phase_detector - INFO - Running hmm phase detection...
2025-08-01 13:32:17,983 - embedding_analysis.models.ensemble_phase_detector - INFO - Running spectral phase detection...
2025-08-01 13:32:17,988 - embedding_analysis.models.ensemble_phase_detector - INFO - Running clustering phase detection...
2025-08-01 13:32:18,509 - embedding_analysis.models.ensemble_phase_detector - INFO - Running embedding_shift phase detection...
2025-08-01 13:32:18,514 - embedding_analysis.models.ensemble_phase_detector - INFO - Running change_point phase detection...
2025-08-01 13:32:18,665 - embedding_analysis.models.ensemble_phase_detector - INFO - Running hmm phase detection...
2025-08-01 13:32:18,820 - embedding_analysis.models.ensemble_phase_detector - INFO - Running spectral phase detection...
2025-08-01 13:32:18,824 - embedding_analysis.models.ensemble_phase_detector - INFO - Running clustering phase detection...
2025-08-01 13:32:19,125 - embedding_analysis.visualization.ensemble_plots - INFO - Creating figure (35x38)...
2025-08-01 13:32:36,020 - embedding_analysis.visualization.ensemble_plots - INFO - Saved ensemble visualization to analysis_output/figures/ensemble/png/experiment-consciousness-exploration-session-consciousness_exploration-2025-07-29-15-4c234775_ensemble.png
2025-08-01 13:32:39,975 - embedding_analysis.visualization.ensemble_plots - INFO - Saved ensemble visualization to analysis_output/figures/ensemble/pdf/experiment-consciousness-exploration-session-consciousness_exploration-2025-07-29-15-4c234775_ensemble.pdf
2025-08-01 13:32:46,928 - embedding_analysis.models.ensemble_phase_detector - INFO - Running embedding_shift phase detection...
2025-08-01 13:32:46,931 - embedding_analysis.models.ensemble_phase_detector - INFO - Running change_point phase detection...
2025-08-01 13:32:47,082 - embedding_analysis.models.ensemble_phase_detector - INFO - Running hmm phase detection...
2025-08-01 13:32:47,248 - embedding_analysis.models.ensemble_phase_detector - INFO - Running spectral phase detection...
2025-08-01 13:32:47,253 - embedding_analysis.models.ensemble_phase_detector - INFO - Running clustering phase detection...
2025-08-01 13:32:47,290 - embedding_analysis.models.ensemble_phase_detector - INFO - Running embedding_shift phase detection...
2025-08-01 13:32:47,295 - embedding_analysis.models.ensemble_phase_detector - INFO - Running change_point phase detection...
2025-08-01 13:32:47,428 - embedding_analysis.models.ensemble_phase_detector - INFO - Running hmm phase detection...
2025-08-01 13:32:47,588 - embedding_analysis.models.ensemble_phase_detector - INFO - Running spectral phase detection...
2025-08-01 13:32:47,593 - embedding_analysis.models.ensemble_phase_detector - INFO - Running clustering phase detection...
2025-08-01 13:32:48,133 - embedding_analysis.models.ensemble_phase_detector - INFO - Running embedding_shift phase detection...
2025-08-01 13:32:48,138 - embedding_analysis.models.ensemble_phase_detector - INFO - Running change_point phase detection...
2025-08-01 13:32:48,295 - embedding_analysis.models.ensemble_phase_detector - INFO - Running hmm phase detection...
2025-08-01 13:32:48,453 - embedding_analysis.models.ensemble_phase_detector - INFO - Running spectral phase detection...
2025-08-01 13:32:48,458 - embedding_analysis.models.ensemble_phase_detector - INFO - Running clustering phase detection...
2025-08-01 13:32:48,497 - embedding_analysis.models.ensemble_phase_detector - INFO - Running embedding_shift phase detection...
2025-08-01 13:32:48,502 - embedding_analysis.models.ensemble_phase_detector - INFO - Running change_point phase detection...
2025-08-01 13:32:48,640 - embedding_analysis.models.ensemble_phase_detector - INFO - Running hmm phase detection...
2025-08-01 13:32:48,817 - embedding_analysis.models.ensemble_phase_detector - INFO - Running spectral phase detection...
2025-08-01 13:32:48,821 - embedding_analysis.models.ensemble_phase_detector - INFO - Running clustering phase detection...
2025-08-01 13:32:49,339 - embedding_analysis.models.ensemble_phase_detector - INFO - Running embedding_shift phase detection...
2025-08-01 13:32:49,345 - embedding_analysis.models.ensemble_phase_detector - INFO - Running change_point phase detection...
2025-08-01 13:32:49,496 - embedding_analysis.models.ensemble_phase_detector - INFO - Running hmm phase detection...
2025-08-01 13:32:49,654 - embedding_analysis.models.ensemble_phase_detector - INFO - Running spectral phase detection...
2025-08-01 13:32:49,659 - embedding_analysis.models.ensemble_phase_detector - INFO - Running clustering phase detection...
2025-08-01 13:32:50,045 - embedding_analysis.visualization.ensemble_plots - INFO - Creating figure (35x38)...
2025-08-01 13:33:07,097 - embedding_analysis.visualization.ensemble_plots - INFO - Saved ensemble visualization to analysis_output/figures/ensemble/png/Consciousness_Exploration_2025-07-21_29_ensemble.png
2025-08-01 13:33:11,204 - embedding_analysis.visualization.ensemble_plots - INFO - Saved ensemble visualization to analysis_output/figures/ensemble/pdf/Consciousness_Exploration_2025-07-21_29_ensemble.pdf
2025-08-01 13:33:18,335 - embedding_analysis.models.ensemble_phase_detector - INFO - Running embedding_shift phase detection...
2025-08-01 13:33:18,338 - embedding_analysis.models.ensemble_phase_detector - INFO - Running change_point phase detection...
2025-08-01 13:33:18,514 - embedding_analysis.models.ensemble_phase_detector - INFO - Running hmm phase detection...
2025-08-01 13:33:18,688 - embedding_analysis.models.ensemble_phase_detector - INFO - Running spectral phase detection...
2025-08-01 13:33:18,693 - embedding_analysis.models.ensemble_phase_detector - INFO - Running clustering phase detection...
2025-08-01 13:33:18,730 - embedding_analysis.models.ensemble_phase_detector - INFO - Running embedding_shift phase detection...
2025-08-01 13:33:18,735 - embedding_analysis.models.ensemble_phase_detector - INFO - Running change_point phase detection...
2025-08-01 13:33:18,865 - embedding_analysis.models.ensemble_phase_detector - INFO - Running hmm phase detection...
2025-08-01 13:33:19,020 - embedding_analysis.models.ensemble_phase_detector - INFO - Running spectral phase detection...
2025-08-01 13:33:19,025 - embedding_analysis.models.ensemble_phase_detector - INFO - Running clustering phase detection...
2025-08-01 13:33:19,527 - embedding_analysis.models.ensemble_phase_detector - INFO - Running embedding_shift phase detection...
2025-08-01 13:33:19,532 - embedding_analysis.models.ensemble_phase_detector - INFO - Running change_point phase detection...
2025-08-01 13:33:19,677 - embedding_analysis.models.ensemble_phase_detector - INFO - Running hmm phase detection...
2025-08-01 13:33:19,848 - embedding_analysis.models.ensemble_phase_detector - INFO - Running spectral phase detection...
2025-08-01 13:33:19,852 - embedding_analysis.models.ensemble_phase_detector - INFO - Running clustering phase detection...
2025-08-01 13:33:19,903 - embedding_analysis.models.ensemble_phase_detector - INFO - Running embedding_shift phase detection...
2025-08-01 13:33:19,908 - embedding_analysis.models.ensemble_phase_detector - INFO - Running change_point phase detection...
2025-08-01 13:33:20,046 - embedding_analysis.models.ensemble_phase_detector - INFO - Running hmm phase detection...
2025-08-01 13:33:20,186 - embedding_analysis.models.ensemble_phase_detector - INFO - Running spectral phase detection...
2025-08-01 13:33:20,190 - embedding_analysis.models.ensemble_phase_detector - INFO - Running clustering phase detection...
2025-08-01 13:33:20,712 - embedding_analysis.models.ensemble_phase_detector - INFO - Running embedding_shift phase detection...
2025-08-01 13:33:20,717 - embedding_analysis.models.ensemble_phase_detector - INFO - Running change_point phase detection...
2025-08-01 13:33:20,871 - embedding_analysis.models.ensemble_phase_detector - INFO - Running hmm phase detection...
2025-08-01 13:33:21,024 - embedding_analysis.models.ensemble_phase_detector - INFO - Running spectral phase detection...
2025-08-01 13:33:21,028 - embedding_analysis.models.ensemble_phase_detector - INFO - Running clustering phase detection...
2025-08-01 13:33:21,412 - embedding_analysis.visualization.ensemble_plots - INFO - Creating figure (35x38)...
2025-08-01 13:33:38,898 - embedding_analysis.visualization.ensemble_plots - INFO - Saved ensemble visualization to analysis_output/figures/ensemble/png/experiment-consciousness-exploration-session-consciousness_exploration-2025-07-29-13-c9e1d897_ensemble.png
2025-08-01 13:33:43,126 - embedding_analysis.visualization.ensemble_plots - INFO - Saved ensemble visualization to analysis_output/figures/ensemble/pdf/experiment-consciousness-exploration-session-consciousness_exploration-2025-07-29-13-c9e1d897_ensemble.pdf
2025-08-01 13:33:49,770 - embedding_analysis.models.ensemble_phase_detector - INFO - Running embedding_shift phase detection...
2025-08-01 13:33:49,773 - embedding_analysis.models.ensemble_phase_detector - INFO - Running change_point phase detection...
2025-08-01 13:33:49,900 - embedding_analysis.models.ensemble_phase_detector - INFO - Running hmm phase detection...
2025-08-01 13:33:50,060 - embedding_analysis.models.ensemble_phase_detector - INFO - Running spectral phase detection...
2025-08-01 13:33:50,065 - embedding_analysis.models.ensemble_phase_detector - INFO - Running clustering phase detection...
2025-08-01 13:33:50,098 - embedding_analysis.models.ensemble_phase_detector - INFO - Running embedding_shift phase detection...
2025-08-01 13:33:50,103 - embedding_analysis.models.ensemble_phase_detector - INFO - Running change_point phase detection...
2025-08-01 13:33:50,219 - embedding_analysis.models.ensemble_phase_detector - INFO - Running hmm phase detection...
2025-08-01 13:33:50,374 - embedding_analysis.models.ensemble_phase_detector - INFO - Running spectral phase detection...
2025-08-01 13:33:50,378 - embedding_analysis.models.ensemble_phase_detector - INFO - Running clustering phase detection...
2025-08-01 13:33:50,895 - embedding_analysis.models.ensemble_phase_detector - INFO - Running embedding_shift phase detection...
2025-08-01 13:33:50,900 - embedding_analysis.models.ensemble_phase_detector - INFO - Running change_point phase detection...
2025-08-01 13:33:51,037 - embedding_analysis.models.ensemble_phase_detector - INFO - Running hmm phase detection...
2025-08-01 13:33:51,204 - embedding_analysis.models.ensemble_phase_detector - INFO - Running spectral phase detection...
2025-08-01 13:33:51,208 - embedding_analysis.models.ensemble_phase_detector - INFO - Running clustering phase detection...
2025-08-01 13:33:51,245 - embedding_analysis.models.ensemble_phase_detector - INFO - Running embedding_shift phase detection...
2025-08-01 13:33:51,251 - embedding_analysis.models.ensemble_phase_detector - INFO - Running change_point phase detection...
2025-08-01 13:33:51,365 - embedding_analysis.models.ensemble_phase_detector - INFO - Running hmm phase detection...
2025-08-01 13:33:51,504 - embedding_analysis.models.ensemble_phase_detector - INFO - Running spectral phase detection...
2025-08-01 13:33:51,508 - embedding_analysis.models.ensemble_phase_detector - INFO - Running clustering phase detection...
2025-08-01 13:33:52,018 - embedding_analysis.models.ensemble_phase_detector - INFO - Running embedding_shift phase detection...
2025-08-01 13:33:52,022 - embedding_analysis.models.ensemble_phase_detector - INFO - Running change_point phase detection...
2025-08-01 13:33:52,163 - embedding_analysis.models.ensemble_phase_detector - INFO - Running hmm phase detection...
2025-08-01 13:33:52,335 - embedding_analysis.models.ensemble_phase_detector - INFO - Running spectral phase detection...
2025-08-01 13:33:52,339 - embedding_analysis.models.ensemble_phase_detector - INFO - Running clustering phase detection...
2025-08-01 13:33:52,656 - embedding_analysis.visualization.ensemble_plots - INFO - Creating figure (35x38)...
2025-08-01 13:34:08,376 - embedding_analysis.visualization.ensemble_plots - INFO - Saved ensemble visualization to analysis_output/figures/ensemble/png/Consciousness_Exploration_2025-06-15_10-N_ensemble.png
2025-08-01 13:34:12,319 - embedding_analysis.visualization.ensemble_plots - INFO - Saved ensemble visualization to analysis_output/figures/ensemble/pdf/Consciousness_Exploration_2025-06-15_10-N_ensemble.pdf
2025-08-01 13:34:17,469 - embedding_analysis.models.ensemble_phase_detector - INFO - Running embedding_shift phase detection...
2025-08-01 13:34:17,471 - embedding_analysis.models.ensemble_phase_detector - INFO - Running change_point phase detection...
2025-08-01 13:34:17,556 - embedding_analysis.models.ensemble_phase_detector - INFO - Running hmm phase detection...
2025-08-01 13:34:17,688 - embedding_analysis.models.ensemble_phase_detector - INFO - Running spectral phase detection...
2025-08-01 13:34:17,692 - embedding_analysis.models.ensemble_phase_detector - INFO - Running clustering phase detection...
2025-08-01 13:34:17,721 - embedding_analysis.models.ensemble_phase_detector - INFO - Running embedding_shift phase detection...
2025-08-01 13:34:17,725 - embedding_analysis.models.ensemble_phase_detector - INFO - Running change_point phase detection...
2025-08-01 13:34:17,824 - embedding_analysis.models.ensemble_phase_detector - INFO - Running hmm phase detection...
2025-08-01 13:34:17,942 - embedding_analysis.models.ensemble_phase_detector - INFO - Running spectral phase detection...
2025-08-01 13:34:17,945 - embedding_analysis.models.ensemble_phase_detector - INFO - Running clustering phase detection...
2025-08-01 13:34:18,306 - embedding_analysis.models.ensemble_phase_detector - INFO - Running embedding_shift phase detection...
2025-08-01 13:34:18,310 - embedding_analysis.models.ensemble_phase_detector - INFO - Running change_point phase detection...
2025-08-01 13:34:18,394 - embedding_analysis.models.ensemble_phase_detector - INFO - Running hmm phase detection...
2025-08-01 13:34:18,518 - embedding_analysis.models.ensemble_phase_detector - INFO - Running spectral phase detection...
2025-08-01 13:34:18,521 - embedding_analysis.models.ensemble_phase_detector - INFO - Running clustering phase detection...
2025-08-01 13:34:18,552 - embedding_analysis.models.ensemble_phase_detector - INFO - Running embedding_shift phase detection...
2025-08-01 13:34:18,556 - embedding_analysis.models.ensemble_phase_detector - INFO - Running change_point phase detection...
2025-08-01 13:34:18,635 - embedding_analysis.models.ensemble_phase_detector - INFO - Running hmm phase detection...
2025-08-01 13:34:18,744 - embedding_analysis.models.ensemble_phase_detector - INFO - Running spectral phase detection...
2025-08-01 13:34:18,748 - embedding_analysis.models.ensemble_phase_detector - INFO - Running clustering phase detection...
2025-08-01 13:34:19,137 - embedding_analysis.models.ensemble_phase_detector - INFO - Running embedding_shift phase detection...
2025-08-01 13:34:19,141 - embedding_analysis.models.ensemble_phase_detector - INFO - Running change_point phase detection...
2025-08-01 13:34:19,225 - embedding_analysis.models.ensemble_phase_detector - INFO - Running hmm phase detection...
2025-08-01 13:34:19,349 - embedding_analysis.models.ensemble_phase_detector - INFO - Running spectral phase detection...
2025-08-01 13:34:19,353 - embedding_analysis.models.ensemble_phase_detector - INFO - Running clustering phase detection...
2025-08-01 13:34:19,623 - embedding_analysis.visualization.ensemble_plots - INFO - Creating figure (35x38)...
2025-08-01 13:34:33,612 - embedding_analysis.visualization.ensemble_plots - INFO - Saved ensemble visualization to analysis_output/figures/ensemble/png/Consciousness_Exploration_2025-06-16_18-Recovered_ensemble.png
2025-08-01 13:34:37,542 - embedding_analysis.visualization.ensemble_plots - INFO - Saved ensemble visualization to analysis_output/figures/ensemble/pdf/Consciousness_Exploration_2025-06-16_18-Recovered_ensemble.pdf
2025-08-01 13:34:43,694 - embedding_analysis.models.ensemble_phase_detector - INFO - Running embedding_shift phase detection...
2025-08-01 13:34:43,697 - embedding_analysis.models.ensemble_phase_detector - INFO - Running change_point phase detection...
2025-08-01 13:34:43,815 - embedding_analysis.models.ensemble_phase_detector - INFO - Running hmm phase detection...
2025-08-01 13:34:43,961 - embedding_analysis.models.ensemble_phase_detector - INFO - Running spectral phase detection...
2025-08-01 13:34:43,965 - embedding_analysis.models.ensemble_phase_detector - INFO - Running clustering phase detection...
2025-08-01 13:34:43,999 - embedding_analysis.models.ensemble_phase_detector - INFO - Running embedding_shift phase detection...
2025-08-01 13:34:44,003 - embedding_analysis.models.ensemble_phase_detector - INFO - Running change_point phase detection...
2025-08-01 13:34:44,100 - embedding_analysis.models.ensemble_phase_detector - INFO - Running hmm phase detection...
2025-08-01 13:34:44,246 - embedding_analysis.models.ensemble_phase_detector - INFO - Running spectral phase detection...
2025-08-01 13:34:44,250 - embedding_analysis.models.ensemble_phase_detector - INFO - Running clustering phase detection...
2025-08-01 13:34:44,658 - embedding_analysis.models.ensemble_phase_detector - INFO - Running embedding_shift phase detection...
2025-08-01 13:34:44,663 - embedding_analysis.models.ensemble_phase_detector - INFO - Running change_point phase detection...
2025-08-01 13:34:44,771 - embedding_analysis.models.ensemble_phase_detector - INFO - Running hmm phase detection...
2025-08-01 13:34:44,939 - embedding_analysis.models.ensemble_phase_detector - INFO - Running spectral phase detection...
2025-08-01 13:34:44,943 - embedding_analysis.models.ensemble_phase_detector - INFO - Running clustering phase detection...
2025-08-01 13:34:44,976 - embedding_analysis.models.ensemble_phase_detector - INFO - Running embedding_shift phase detection...
2025-08-01 13:34:44,981 - embedding_analysis.models.ensemble_phase_detector - INFO - Running change_point phase detection...
2025-08-01 13:34:45,078 - embedding_analysis.models.ensemble_phase_detector - INFO - Running hmm phase detection...
2025-08-01 13:34:45,222 - embedding_analysis.models.ensemble_phase_detector - INFO - Running spectral phase detection...
2025-08-01 13:34:45,226 - embedding_analysis.models.ensemble_phase_detector - INFO - Running clustering phase detection...
2025-08-01 13:34:45,630 - embedding_analysis.models.ensemble_phase_detector - INFO - Running embedding_shift phase detection...
2025-08-01 13:34:45,635 - embedding_analysis.models.ensemble_phase_detector - INFO - Running change_point phase detection...
2025-08-01 13:34:45,744 - embedding_analysis.models.ensemble_phase_detector - INFO - Running hmm phase detection...
2025-08-01 13:34:45,885 - embedding_analysis.models.ensemble_phase_detector - INFO - Running spectral phase detection...
2025-08-01 13:34:45,889 - embedding_analysis.models.ensemble_phase_detector - INFO - Running clustering phase detection...
2025-08-01 13:34:46,217 - embedding_analysis.visualization.ensemble_plots - INFO - Creating figure (35x38)...
2025-08-01 13:35:01,944 - embedding_analysis.visualization.ensemble_plots - INFO - Saved ensemble visualization to analysis_output/figures/ensemble/png/Consciousness_Exploration_2025-06-16_17-Recovered_ensemble.png
2025-08-01 13:35:05,952 - embedding_analysis.visualization.ensemble_plots - INFO - Saved ensemble visualization to analysis_output/figures/ensemble/pdf/Consciousness_Exploration_2025-06-16_17-Recovered_ensemble.pdf
2025-08-01 13:35:08,976 - embedding_analysis.models.ensemble_phase_detector - INFO - Running embedding_shift phase detection...
2025-08-01 13:35:08,978 - embedding_analysis.models.ensemble_phase_detector - INFO - Running change_point phase detection...
2025-08-01 13:35:09,002 - embedding_analysis.models.ensemble_phase_detector - INFO - Running hmm phase detection...
2025-08-01 13:35:09,040 - embedding_analysis.models.ensemble_phase_detector - INFO - Running spectral phase detection...
2025-08-01 13:35:09,044 - embedding_analysis.models.ensemble_phase_detector - INFO - Running clustering phase detection...
2025-08-01 13:35:09,091 - embedding_analysis.models.ensemble_phase_detector - INFO - Running embedding_shift phase detection...
2025-08-01 13:35:09,093 - embedding_analysis.models.ensemble_phase_detector - INFO - Running change_point phase detection...
2025-08-01 13:35:09,129 - embedding_analysis.models.ensemble_phase_detector - INFO - Running hmm phase detection...
2025-08-01 13:35:09,225 - embedding_analysis.models.ensemble_phase_detector - INFO - Running spectral phase detection...
2025-08-01 13:35:09,228 - embedding_analysis.models.ensemble_phase_detector - INFO - Running clustering phase detection...
2025-08-01 13:35:09,405 - embedding_analysis.models.ensemble_phase_detector - INFO - Running embedding_shift phase detection...
2025-08-01 13:35:09,407 - embedding_analysis.models.ensemble_phase_detector - INFO - Running change_point phase detection...
2025-08-01 13:35:09,434 - embedding_analysis.models.ensemble_phase_detector - INFO - Running hmm phase detection...
2025-08-01 13:35:09,460 - embedding_analysis.models.ensemble_phase_detector - INFO - Running spectral phase detection...
2025-08-01 13:35:09,464 - embedding_analysis.models.ensemble_phase_detector - INFO - Running clustering phase detection...
2025-08-01 13:35:09,526 - embedding_analysis.models.ensemble_phase_detector - INFO - Running embedding_shift phase detection...
2025-08-01 13:35:09,528 - embedding_analysis.models.ensemble_phase_detector - INFO - Running change_point phase detection...
2025-08-01 13:35:09,579 - embedding_analysis.models.ensemble_phase_detector - INFO - Running hmm phase detection...
2025-08-01 13:35:09,684 - embedding_analysis.models.ensemble_phase_detector - INFO - Running spectral phase detection...
2025-08-01 13:35:09,686 - embedding_analysis.models.ensemble_phase_detector - INFO - Running clustering phase detection...
2025-08-01 13:35:09,857 - embedding_analysis.models.ensemble_phase_detector - INFO - Running embedding_shift phase detection...
2025-08-01 13:35:09,859 - embedding_analysis.models.ensemble_phase_detector - INFO - Running change_point phase detection...
2025-08-01 13:35:09,886 - embedding_analysis.models.ensemble_phase_detector - INFO - Running hmm phase detection...
2025-08-01 13:35:09,968 - embedding_analysis.models.ensemble_phase_detector - INFO - Running spectral phase detection...
2025-08-01 13:35:09,970 - embedding_analysis.models.ensemble_phase_detector - INFO - Running clustering phase detection...
2025-08-01 13:35:10,139 - embedding_analysis.visualization.ensemble_plots - INFO - Creating figure (35x38)...
2025-08-01 13:35:21,845 - embedding_analysis.visualization.ensemble_plots - INFO - Saved ensemble visualization to analysis_output/figures/ensemble/png/Consciousness_Exploration_2025-06-12_5-Y_ensemble.png
2025-08-01 13:35:25,667 - embedding_analysis.visualization.ensemble_plots - INFO - Saved ensemble visualization to analysis_output/figures/ensemble/pdf/Consciousness_Exploration_2025-06-12_5-Y_ensemble.pdf
2025-08-01 13:35:32,652 - embedding_analysis.models.ensemble_phase_detector - INFO - Running embedding_shift phase detection...
2025-08-01 13:35:32,655 - embedding_analysis.models.ensemble_phase_detector - INFO - Running change_point phase detection...
2025-08-01 13:35:32,801 - embedding_analysis.models.ensemble_phase_detector - INFO - Running hmm phase detection...
2025-08-01 13:35:32,975 - embedding_analysis.models.ensemble_phase_detector - INFO - Running spectral phase detection...
2025-08-01 13:35:32,979 - embedding_analysis.models.ensemble_phase_detector - INFO - Running clustering phase detection...
2025-08-01 13:35:33,014 - embedding_analysis.models.ensemble_phase_detector - INFO - Running embedding_shift phase detection...
2025-08-01 13:35:33,019 - embedding_analysis.models.ensemble_phase_detector - INFO - Running change_point phase detection...
2025-08-01 13:35:33,147 - embedding_analysis.models.ensemble_phase_detector - INFO - Running hmm phase detection...
2025-08-01 13:35:33,299 - embedding_analysis.models.ensemble_phase_detector - INFO - Running spectral phase detection...
2025-08-01 13:35:33,303 - embedding_analysis.models.ensemble_phase_detector - INFO - Running clustering phase detection...
2025-08-01 13:35:33,812 - embedding_analysis.models.ensemble_phase_detector - INFO - Running embedding_shift phase detection...
2025-08-01 13:35:33,816 - embedding_analysis.models.ensemble_phase_detector - INFO - Running change_point phase detection...
2025-08-01 13:35:33,957 - embedding_analysis.models.ensemble_phase_detector - INFO - Running hmm phase detection...
2025-08-01 13:35:34,118 - embedding_analysis.models.ensemble_phase_detector - INFO - Running spectral phase detection...
2025-08-01 13:35:34,122 - embedding_analysis.models.ensemble_phase_detector - INFO - Running clustering phase detection...
2025-08-01 13:35:34,155 - embedding_analysis.models.ensemble_phase_detector - INFO - Running embedding_shift phase detection...
2025-08-01 13:35:34,160 - embedding_analysis.models.ensemble_phase_detector - INFO - Running change_point phase detection...
2025-08-01 13:35:34,288 - embedding_analysis.models.ensemble_phase_detector - INFO - Running hmm phase detection...
2025-08-01 13:35:34,441 - embedding_analysis.models.ensemble_phase_detector - INFO - Running spectral phase detection...
2025-08-01 13:35:34,445 - embedding_analysis.models.ensemble_phase_detector - INFO - Running clustering phase detection...
2025-08-01 13:35:34,944 - embedding_analysis.models.ensemble_phase_detector - INFO - Running embedding_shift phase detection...
2025-08-01 13:35:34,949 - embedding_analysis.models.ensemble_phase_detector - INFO - Running change_point phase detection...
2025-08-01 13:35:35,090 - embedding_analysis.models.ensemble_phase_detector - INFO - Running hmm phase detection...
2025-08-01 13:35:35,245 - embedding_analysis.models.ensemble_phase_detector - INFO - Running spectral phase detection...
2025-08-01 13:35:35,249 - embedding_analysis.models.ensemble_phase_detector - INFO - Running clustering phase detection...
2025-08-01 13:35:35,639 - embedding_analysis.visualization.ensemble_plots - INFO - Creating figure (35x38)...
2025-08-01 13:35:52,564 - embedding_analysis.visualization.ensemble_plots - INFO - Saved ensemble visualization to analysis_output/figures/ensemble/png/experiment-consciousness-exploration-session-consciousness_exploration-2025-07-29-16-be09e2fa_ensemble.png
2025-08-01 13:35:56,556 - embedding_analysis.visualization.ensemble_plots - INFO - Saved ensemble visualization to analysis_output/figures/ensemble/pdf/experiment-consciousness-exploration-session-consciousness_exploration-2025-07-29-16-be09e2fa_ensemble.pdf
2025-08-01 13:36:03,554 - embedding_analysis.models.ensemble_phase_detector - INFO - Running embedding_shift phase detection...
2025-08-01 13:36:03,557 - embedding_analysis.models.ensemble_phase_detector - INFO - Running change_point phase detection...
2025-08-01 13:36:03,712 - embedding_analysis.models.ensemble_phase_detector - INFO - Running hmm phase detection...
2025-08-01 13:36:03,869 - embedding_analysis.models.ensemble_phase_detector - INFO - Running spectral phase detection...
2025-08-01 13:36:03,873 - embedding_analysis.models.ensemble_phase_detector - INFO - Running clustering phase detection...
2025-08-01 13:36:03,911 - embedding_analysis.models.ensemble_phase_detector - INFO - Running embedding_shift phase detection...
2025-08-01 13:36:03,917 - embedding_analysis.models.ensemble_phase_detector - INFO - Running change_point phase detection...
2025-08-01 13:36:04,051 - embedding_analysis.models.ensemble_phase_detector - INFO - Running hmm phase detection...
2025-08-01 13:36:04,205 - embedding_analysis.models.ensemble_phase_detector - INFO - Running spectral phase detection...
2025-08-01 13:36:04,209 - embedding_analysis.models.ensemble_phase_detector - INFO - Running clustering phase detection...
2025-08-01 13:36:04,760 - embedding_analysis.models.ensemble_phase_detector - INFO - Running embedding_shift phase detection...
2025-08-01 13:36:04,765 - embedding_analysis.models.ensemble_phase_detector - INFO - Running change_point phase detection...
2025-08-01 13:36:04,921 - embedding_analysis.models.ensemble_phase_detector - INFO - Running hmm phase detection...
2025-08-01 13:36:05,101 - embedding_analysis.models.ensemble_phase_detector - INFO - Running spectral phase detection...
2025-08-01 13:36:05,105 - embedding_analysis.models.ensemble_phase_detector - INFO - Running clustering phase detection...
2025-08-01 13:36:05,144 - embedding_analysis.models.ensemble_phase_detector - INFO - Running embedding_shift phase detection...
2025-08-01 13:36:05,149 - embedding_analysis.models.ensemble_phase_detector - INFO - Running change_point phase detection...
2025-08-01 13:36:05,279 - embedding_analysis.models.ensemble_phase_detector - INFO - Running hmm phase detection...
2025-08-01 13:36:05,426 - embedding_analysis.models.ensemble_phase_detector - INFO - Running spectral phase detection...
2025-08-01 13:36:05,431 - embedding_analysis.models.ensemble_phase_detector - INFO - Running clustering phase detection...
2025-08-01 13:36:06,035 - embedding_analysis.models.ensemble_phase_detector - INFO - Running embedding_shift phase detection...
2025-08-01 13:36:06,040 - embedding_analysis.models.ensemble_phase_detector - INFO - Running change_point phase detection...
2025-08-01 13:36:06,196 - embedding_analysis.models.ensemble_phase_detector - INFO - Running hmm phase detection...
2025-08-01 13:36:06,376 - embedding_analysis.models.ensemble_phase_detector - INFO - Running spectral phase detection...
2025-08-01 13:36:06,381 - embedding_analysis.models.ensemble_phase_detector - INFO - Running clustering phase detection...
2025-08-01 13:36:06,791 - embedding_analysis.visualization.ensemble_plots - INFO - Creating figure (35x38)...
2025-08-01 13:36:24,086 - embedding_analysis.visualization.ensemble_plots - INFO - Saved ensemble visualization to analysis_output/figures/ensemble/png/experiment-consciousness-exploration-session-consciousness_exploration-2025-07-29-10-e643546b_ensemble.png
2025-08-01 13:36:28,124 - embedding_analysis.visualization.ensemble_plots - INFO - Saved ensemble visualization to analysis_output/figures/ensemble/pdf/experiment-consciousness-exploration-session-consciousness_exploration-2025-07-29-10-e643546b_ensemble.pdf
2025-08-01 13:36:35,044 - embedding_analysis.models.ensemble_phase_detector - INFO - Running embedding_shift phase detection...
2025-08-01 13:36:35,048 - embedding_analysis.models.ensemble_phase_detector - INFO - Running change_point phase detection...
2025-08-01 13:36:35,185 - embedding_analysis.models.ensemble_phase_detector - INFO - Running hmm phase detection...
2025-08-01 13:36:35,353 - embedding_analysis.models.ensemble_phase_detector - INFO - Running spectral phase detection...
2025-08-01 13:36:35,357 - embedding_analysis.models.ensemble_phase_detector - INFO - Running clustering phase detection...
2025-08-01 13:36:35,394 - embedding_analysis.models.ensemble_phase_detector - INFO - Running embedding_shift phase detection...
2025-08-01 13:36:35,399 - embedding_analysis.models.ensemble_phase_detector - INFO - Running change_point phase detection...
2025-08-01 13:36:35,535 - embedding_analysis.models.ensemble_phase_detector - INFO - Running hmm phase detection...
2025-08-01 13:36:35,685 - embedding_analysis.models.ensemble_phase_detector - INFO - Running spectral phase detection...
2025-08-01 13:36:35,689 - embedding_analysis.models.ensemble_phase_detector - INFO - Running clustering phase detection...
2025-08-01 13:36:36,179 - embedding_analysis.models.ensemble_phase_detector - INFO - Running embedding_shift phase detection...
2025-08-01 13:36:36,183 - embedding_analysis.models.ensemble_phase_detector - INFO - Running change_point phase detection...
2025-08-01 13:36:36,334 - embedding_analysis.models.ensemble_phase_detector - INFO - Running hmm phase detection...
2025-08-01 13:36:36,510 - embedding_analysis.models.ensemble_phase_detector - INFO - Running spectral phase detection...
2025-08-01 13:36:36,514 - embedding_analysis.models.ensemble_phase_detector - INFO - Running clustering phase detection...
2025-08-01 13:36:36,551 - embedding_analysis.models.ensemble_phase_detector - INFO - Running embedding_shift phase detection...
2025-08-01 13:36:36,556 - embedding_analysis.models.ensemble_phase_detector - INFO - Running change_point phase detection...
2025-08-01 13:36:36,696 - embedding_analysis.models.ensemble_phase_detector - INFO - Running hmm phase detection...
2025-08-01 13:36:36,864 - embedding_analysis.models.ensemble_phase_detector - INFO - Running spectral phase detection...
2025-08-01 13:36:36,869 - embedding_analysis.models.ensemble_phase_detector - INFO - Running clustering phase detection...
2025-08-01 13:36:37,362 - embedding_analysis.models.ensemble_phase_detector - INFO - Running embedding_shift phase detection...
2025-08-01 13:36:37,366 - embedding_analysis.models.ensemble_phase_detector - INFO - Running change_point phase detection...
2025-08-01 13:36:37,514 - embedding_analysis.models.ensemble_phase_detector - INFO - Running hmm phase detection...
2025-08-01 13:36:37,697 - embedding_analysis.models.ensemble_phase_detector - INFO - Running spectral phase detection...
2025-08-01 13:36:37,701 - embedding_analysis.models.ensemble_phase_detector - INFO - Running clustering phase detection...
2025-08-01 13:36:38,042 - embedding_analysis.visualization.ensemble_plots - INFO - Creating figure (35x38)...
2025-08-01 13:36:54,657 - embedding_analysis.visualization.ensemble_plots - INFO - Saved ensemble visualization to analysis_output/figures/ensemble/png/experiment-consciousness-exploration-session-consciousness_exploration-2025-07-29-18-4fe5a383_ensemble.png
2025-08-01 13:36:58,571 - embedding_analysis.visualization.ensemble_plots - INFO - Saved ensemble visualization to analysis_output/figures/ensemble/pdf/experiment-consciousness-exploration-session-consciousness_exploration-2025-07-29-18-4fe5a383_ensemble.pdf
2025-08-01 13:37:05,557 - embedding_analysis.models.ensemble_phase_detector - INFO - Running embedding_shift phase detection...
2025-08-01 13:37:05,561 - embedding_analysis.models.ensemble_phase_detector - INFO - Running change_point phase detection...
2025-08-01 13:37:05,707 - embedding_analysis.models.ensemble_phase_detector - INFO - Running hmm phase detection...
2025-08-01 13:37:05,864 - embedding_analysis.models.ensemble_phase_detector - INFO - Running spectral phase detection...
2025-08-01 13:37:05,868 - embedding_analysis.models.ensemble_phase_detector - INFO - Running clustering phase detection...
2025-08-01 13:37:05,905 - embedding_analysis.models.ensemble_phase_detector - INFO - Running embedding_shift phase detection...
2025-08-01 13:37:05,911 - embedding_analysis.models.ensemble_phase_detector - INFO - Running change_point phase detection...
2025-08-01 13:37:06,060 - embedding_analysis.models.ensemble_phase_detector - INFO - Running hmm phase detection...
2025-08-01 13:37:06,202 - embedding_analysis.models.ensemble_phase_detector - INFO - Running spectral phase detection...
2025-08-01 13:37:06,206 - embedding_analysis.models.ensemble_phase_detector - INFO - Running clustering phase detection...
2025-08-01 13:37:06,733 - embedding_analysis.models.ensemble_phase_detector - INFO - Running embedding_shift phase detection...
2025-08-01 13:37:06,738 - embedding_analysis.models.ensemble_phase_detector - INFO - Running change_point phase detection...
2025-08-01 13:37:06,878 - embedding_analysis.models.ensemble_phase_detector - INFO - Running hmm phase detection...
2025-08-01 13:37:07,032 - embedding_analysis.models.ensemble_phase_detector - INFO - Running spectral phase detection...
2025-08-01 13:37:07,037 - embedding_analysis.models.ensemble_phase_detector - INFO - Running clustering phase detection...
2025-08-01 13:37:07,070 - embedding_analysis.models.ensemble_phase_detector - INFO - Running embedding_shift phase detection...
2025-08-01 13:37:07,076 - embedding_analysis.models.ensemble_phase_detector - INFO - Running change_point phase detection...
2025-08-01 13:37:07,203 - embedding_analysis.models.ensemble_phase_detector - INFO - Running hmm phase detection...
2025-08-01 13:37:07,345 - embedding_analysis.models.ensemble_phase_detector - INFO - Running spectral phase detection...
2025-08-01 13:37:07,349 - embedding_analysis.models.ensemble_phase_detector - INFO - Running clustering phase detection...
2025-08-01 13:37:07,836 - embedding_analysis.models.ensemble_phase_detector - INFO - Running embedding_shift phase detection...
2025-08-01 13:37:07,848 - embedding_analysis.models.ensemble_phase_detector - INFO - Running change_point phase detection...
2025-08-01 13:37:07,985 - embedding_analysis.models.ensemble_phase_detector - INFO - Running hmm phase detection...
2025-08-01 13:37:08,142 - embedding_analysis.models.ensemble_phase_detector - INFO - Running spectral phase detection...
2025-08-01 13:37:08,146 - embedding_analysis.models.ensemble_phase_detector - INFO - Running clustering phase detection...
2025-08-01 13:37:08,488 - embedding_analysis.visualization.ensemble_plots - INFO - Creating figure (35x38)...
2025-08-01 13:37:25,154 - embedding_analysis.visualization.ensemble_plots - INFO - Saved ensemble visualization to analysis_output/figures/ensemble/png/experiment-consciousness-exploration-session-consciousness_exploration-2025-07-29-17-1d5f6c74_ensemble.png
2025-08-01 13:37:29,245 - embedding_analysis.visualization.ensemble_plots - INFO - Saved ensemble visualization to analysis_output/figures/ensemble/pdf/experiment-consciousness-exploration-session-consciousness_exploration-2025-07-29-17-1d5f6c74_ensemble.pdf
2025-08-01 13:37:36,340 - embedding_analysis.models.ensemble_phase_detector - INFO - Running embedding_shift phase detection...
2025-08-01 13:37:36,343 - embedding_analysis.models.ensemble_phase_detector - INFO - Running change_point phase detection...
2025-08-01 13:37:36,500 - embedding_analysis.models.ensemble_phase_detector - INFO - Running hmm phase detection...
2025-08-01 13:37:36,684 - embedding_analysis.models.ensemble_phase_detector - INFO - Running spectral phase detection...
2025-08-01 13:37:36,689 - embedding_analysis.models.ensemble_phase_detector - INFO - Running clustering phase detection...
2025-08-01 13:37:36,747 - embedding_analysis.models.ensemble_phase_detector - INFO - Running embedding_shift phase detection...
2025-08-01 13:37:36,753 - embedding_analysis.models.ensemble_phase_detector - INFO - Running change_point phase detection...
2025-08-01 13:37:36,913 - embedding_analysis.models.ensemble_phase_detector - INFO - Running hmm phase detection...
2025-08-01 13:37:37,069 - embedding_analysis.models.ensemble_phase_detector - INFO - Running spectral phase detection...
2025-08-01 13:37:37,074 - embedding_analysis.models.ensemble_phase_detector - INFO - Running clustering phase detection...
2025-08-01 13:37:37,600 - embedding_analysis.models.ensemble_phase_detector - INFO - Running embedding_shift phase detection...
2025-08-01 13:37:37,605 - embedding_analysis.models.ensemble_phase_detector - INFO - Running change_point phase detection...
2025-08-01 13:37:37,751 - embedding_analysis.models.ensemble_phase_detector - INFO - Running hmm phase detection...
2025-08-01 13:37:37,923 - embedding_analysis.models.ensemble_phase_detector - INFO - Running spectral phase detection...
2025-08-01 13:37:37,927 - embedding_analysis.models.ensemble_phase_detector - INFO - Running clustering phase detection...
2025-08-01 13:37:37,972 - embedding_analysis.models.ensemble_phase_detector - INFO - Running embedding_shift phase detection...
2025-08-01 13:37:37,977 - embedding_analysis.models.ensemble_phase_detector - INFO - Running change_point phase detection...
2025-08-01 13:37:38,108 - embedding_analysis.models.ensemble_phase_detector - INFO - Running hmm phase detection...
2025-08-01 13:37:38,252 - embedding_analysis.models.ensemble_phase_detector - INFO - Running spectral phase detection...
2025-08-01 13:37:38,256 - embedding_analysis.models.ensemble_phase_detector - INFO - Running clustering phase detection...
2025-08-01 13:37:38,729 - embedding_analysis.models.ensemble_phase_detector - INFO - Running embedding_shift phase detection...
2025-08-01 13:37:38,734 - embedding_analysis.models.ensemble_phase_detector - INFO - Running change_point phase detection...
2025-08-01 13:37:38,912 - embedding_analysis.models.ensemble_phase_detector - INFO - Running hmm phase detection...
2025-08-01 13:37:39,081 - embedding_analysis.models.ensemble_phase_detector - INFO - Running spectral phase detection...
2025-08-01 13:37:39,085 - embedding_analysis.models.ensemble_phase_detector - INFO - Running clustering phase detection...
2025-08-01 13:37:39,491 - embedding_analysis.visualization.ensemble_plots - INFO - Creating figure (35x38)...
2025-08-01 13:37:57,072 - embedding_analysis.visualization.ensemble_plots - INFO - Saved ensemble visualization to analysis_output/figures/ensemble/png/experiment-consciousness-exploration-session-consciousness_exploration-2025-07-29-1-edd4f263_ensemble.png
2025-08-01 13:38:01,081 - embedding_analysis.visualization.ensemble_plots - INFO - Saved ensemble visualization to analysis_output/figures/ensemble/pdf/experiment-consciousness-exploration-session-consciousness_exploration-2025-07-29-1-edd4f263_ensemble.pdf
2025-08-01 13:38:05,454 - embedding_analysis.models.ensemble_phase_detector - INFO - Running embedding_shift phase detection...
2025-08-01 13:38:05,456 - embedding_analysis.models.ensemble_phase_detector - INFO - Running change_point phase detection...
2025-08-01 13:38:05,517 - embedding_analysis.models.ensemble_phase_detector - INFO - Running hmm phase detection...
2025-08-01 13:38:05,630 - embedding_analysis.models.ensemble_phase_detector - INFO - Running spectral phase detection...
2025-08-01 13:38:05,633 - embedding_analysis.models.ensemble_phase_detector - INFO - Running clustering phase detection...
2025-08-01 13:38:05,660 - embedding_analysis.models.ensemble_phase_detector - INFO - Running embedding_shift phase detection...
2025-08-01 13:38:05,663 - embedding_analysis.models.ensemble_phase_detector - INFO - Running change_point phase detection...
2025-08-01 13:38:05,719 - embedding_analysis.models.ensemble_phase_detector - INFO - Running hmm phase detection...
2025-08-01 13:38:05,842 - embedding_analysis.models.ensemble_phase_detector - INFO - Running spectral phase detection...
2025-08-01 13:38:05,846 - embedding_analysis.models.ensemble_phase_detector - INFO - Running clustering phase detection...
2025-08-01 13:38:06,141 - embedding_analysis.models.ensemble_phase_detector - INFO - Running embedding_shift phase detection...
2025-08-01 13:38:06,144 - embedding_analysis.models.ensemble_phase_detector - INFO - Running change_point phase detection...
2025-08-01 13:38:06,209 - embedding_analysis.models.ensemble_phase_detector - INFO - Running hmm phase detection...
2025-08-01 13:38:06,331 - embedding_analysis.models.ensemble_phase_detector - INFO - Running spectral phase detection...
2025-08-01 13:38:06,335 - embedding_analysis.models.ensemble_phase_detector - INFO - Running clustering phase detection...
2025-08-01 13:38:06,358 - embedding_analysis.models.ensemble_phase_detector - INFO - Running embedding_shift phase detection...
2025-08-01 13:38:06,362 - embedding_analysis.models.ensemble_phase_detector - INFO - Running change_point phase detection...
2025-08-01 13:38:06,425 - embedding_analysis.models.ensemble_phase_detector - INFO - Running hmm phase detection...
2025-08-01 13:38:06,534 - embedding_analysis.models.ensemble_phase_detector - INFO - Running spectral phase detection...
2025-08-01 13:38:06,538 - embedding_analysis.models.ensemble_phase_detector - INFO - Running clustering phase detection...
2025-08-01 13:38:06,823 - embedding_analysis.models.ensemble_phase_detector - INFO - Running embedding_shift phase detection...
2025-08-01 13:38:06,827 - embedding_analysis.models.ensemble_phase_detector - INFO - Running change_point phase detection...
2025-08-01 13:38:06,892 - embedding_analysis.models.ensemble_phase_detector - INFO - Running hmm phase detection...
2025-08-01 13:38:07,030 - embedding_analysis.models.ensemble_phase_detector - INFO - Running spectral phase detection...
2025-08-01 13:38:07,033 - embedding_analysis.models.ensemble_phase_detector - INFO - Running clustering phase detection...
2025-08-01 13:38:07,192 - embedding_analysis.visualization.ensemble_plots - INFO - Creating figure (35x38)...
2025-08-01 13:38:19,933 - embedding_analysis.visualization.ensemble_plots - INFO - Saved ensemble visualization to analysis_output/figures/ensemble/png/Consciousness_Exploration_2025-06-17_24_ensemble.png
