2025-08-01 22:39:21,211 - embedding_analysis - INFO - Logging to file: analysis_output/logs/analysis_20250801_223921.log
2025-08-01 22:39:21,240 - embedding_analysis - INFO - ======================================================================
2025-08-01 22:39:21,240 - embedding_analysis - INFO - GEOMETRIC INVARIANCE ANALYSIS
2025-08-01 22:39:21,240 - embedding_analysis - INFO - ======================================================================
2025-08-01 22:39:21,240 - embedding_analysis - INFO - Loading conversations from /home/knots/git/the-academy/docs/paper/exp-data/phase-1-premium
2025-08-01 22:39:21,738 - embedding_analysis.core.conversation - INFO - Loaded 67 conversations from /home/knots/git/the-academy/docs/paper/exp-data/phase-1-premium
2025-08-01 22:39:21,738 - embedding_analysis.core.conversation - INFO - Filtered 67 to 67 conversations
2025-08-01 22:39:21,738 - embedding_analysis - INFO - Loading conversations from /home/knots/git/the-academy/docs/paper/exp-data/phase-2-efficient
2025-08-01 22:39:22,074 - embedding_analysis.core.conversation - INFO - Loaded 62 conversations from /home/knots/git/the-academy/docs/paper/exp-data/phase-2-efficient
2025-08-01 22:39:22,074 - embedding_analysis.core.conversation - INFO - Filtered 62 to 62 conversations
2025-08-01 22:39:22,074 - embedding_analysis - INFO - Loading conversations from /home/knots/git/the-academy/docs/paper/exp-data/phase-3-no-reasoning
2025-08-01 22:39:22,816 - embedding_analysis.core.conversation - INFO - Loaded 100 conversations from /home/knots/git/the-academy/docs/paper/exp-data/phase-3-no-reasoning
2025-08-01 22:39:22,817 - embedding_analysis.core.conversation - INFO - Filtered 100 to 100 conversations
2025-08-01 22:39:22,817 - embedding_analysis - INFO - Loaded 229 conversations total
2025-08-01 22:39:22,817 - embedding_analysis - INFO - 
Analyzing 229 conversations for geometric invariance...
2025-08-01 22:39:22,817 - embedding_analysis - INFO - Checking for existing checkpoints...
2025-08-01 22:39:22,828 - embedding_analysis.utils.checkpoint - INFO - Loaded checkpoint: conv_Consciousness_Exploration_2025-06-12_1-Y
2025-08-01 22:39:22,831 - embedding_analysis.utils.checkpoint - INFO - Loaded checkpoint: conv_Consciousness_Exploration_2025-06-12_2-Y
2025-08-01 22:39:22,832 - embedding_analysis.utils.checkpoint - INFO - Loaded checkpoint: conv_Consciousness_Exploration_2025-06-12_3-Y
2025-08-01 22:39:22,833 - embedding_analysis.utils.checkpoint - INFO - Loaded checkpoint: conv_Consciousness_Exploration_2025-06-12_4-Y
2025-08-01 22:39:22,836 - embedding_analysis.utils.checkpoint - INFO - Loaded checkpoint: conv_Consciousness_Exploration_2025-06-12_5-Y
2025-08-01 22:39:22,838 - embedding_analysis.utils.checkpoint - INFO - Loaded checkpoint: conv_Consciousness_Exploration_2025-06-12_6-Y
2025-08-01 22:39:22,841 - embedding_analysis.utils.checkpoint - INFO - Loaded checkpoint: conv_Consciousness_Exploration_2025-06-12_7-Y
2025-08-01 22:39:22,845 - embedding_analysis.utils.checkpoint - INFO - Loaded checkpoint: conv_Consciousness_Exploration_2025-06-13_8-N
2025-08-01 22:39:22,848 - embedding_analysis.utils.checkpoint - INFO - Loaded checkpoint: conv_Consciousness_Exploration_2025-06-15_10-N
2025-08-01 22:39:22,852 - embedding_analysis.utils.checkpoint - INFO - Loaded checkpoint: conv_Consciousness_Exploration_2025-06-15_9-Recovered
2025-08-01 22:39:22,855 - embedding_analysis.utils.checkpoint - INFO - Loaded checkpoint: conv_Consciousness_Exploration_2025-06-16_11-Resisted
2025-08-01 22:39:22,858 - embedding_analysis.utils.checkpoint - INFO - Loaded checkpoint: conv_Consciousness_Exploration_2025-06-16_12-N
2025-08-01 22:39:22,861 - embedding_analysis.utils.checkpoint - INFO - Loaded checkpoint: conv_Consciousness_Exploration_2025-06-16_13-Recovered
2025-08-01 22:39:22,865 - embedding_analysis.utils.checkpoint - INFO - Loaded checkpoint: conv_Consciousness_Exploration_2025-06-16_14-Y-After-grok-dropout
2025-08-01 22:39:22,867 - embedding_analysis.utils.checkpoint - INFO - Loaded checkpoint: conv_Consciousness_Exploration_2025-06-16_15-Y
2025-08-01 22:39:22,870 - embedding_analysis.utils.checkpoint - INFO - Loaded checkpoint: conv_Consciousness_Exploration_2025-06-16_16-Recovered
2025-08-01 22:39:22,873 - embedding_analysis.utils.checkpoint - INFO - Loaded checkpoint: conv_Consciousness_Exploration_2025-06-16_17-Recovered
2025-08-01 22:39:22,876 - embedding_analysis.utils.checkpoint - INFO - Loaded checkpoint: conv_Consciousness_Exploration_2025-06-16_18-Recovered
2025-08-01 22:39:22,879 - embedding_analysis.utils.checkpoint - INFO - Loaded checkpoint: conv_Consciousness_Exploration_2025-06-16_19-Y
2025-08-01 22:39:22,882 - embedding_analysis.utils.checkpoint - INFO - Loaded checkpoint: conv_Consciousness_Exploration_2025-06-16_20-N
2025-08-01 22:39:22,885 - embedding_analysis.utils.checkpoint - INFO - Loaded checkpoint: conv_Consciousness_Exploration_2025-06-16_21
2025-08-01 22:39:22,887 - embedding_analysis.utils.checkpoint - INFO - Loaded checkpoint: conv_Consciousness_Exploration_2025-06-17_22
2025-08-01 22:39:22,893 - embedding_analysis.utils.checkpoint - INFO - Loaded checkpoint: conv_Consciousness_Exploration_2025-06-17_23
2025-08-01 22:39:22,895 - embedding_analysis.utils.checkpoint - INFO - Loaded checkpoint: conv_Consciousness_Exploration_2025-06-17_24
2025-08-01 22:39:22,897 - embedding_analysis.utils.checkpoint - INFO - Loaded checkpoint: conv_Consciousness_Exploration_2025-06-18_25
2025-08-01 22:39:22,901 - embedding_analysis.utils.checkpoint - INFO - Loaded checkpoint: conv_Consciousness_Exploration_2025-06-18_26
2025-08-01 22:39:22,906 - embedding_analysis.utils.checkpoint - INFO - Loaded checkpoint: conv_Consciousness_Exploration_2025-07-14_27-N
2025-08-01 22:39:22,909 - embedding_analysis.utils.checkpoint - INFO - Loaded checkpoint: conv_Consciousness_Exploration_2025-07-21_28
2025-08-01 22:39:22,913 - embedding_analysis.utils.checkpoint - INFO - Loaded checkpoint: conv_Consciousness_Exploration_2025-07-21_29
2025-08-01 22:39:22,917 - embedding_analysis.utils.checkpoint - INFO - Loaded checkpoint: conv_Consciousness_Exploration_2025-07-21_30
2025-08-01 22:39:22,920 - embedding_analysis.utils.checkpoint - INFO - Loaded checkpoint: conv_Consciousness_Exploration_2025-07-21_31
2025-08-01 22:39:22,923 - embedding_analysis.utils.checkpoint - INFO - Loaded checkpoint: conv_Consciousness_Exploration_2025-07-21_32
2025-08-01 22:39:22,927 - embedding_analysis.utils.checkpoint - INFO - Loaded checkpoint: conv_Consciousness_Exploration_2025-07-21_33
2025-08-01 22:39:22,930 - embedding_analysis.utils.checkpoint - INFO - Loaded checkpoint: conv_Consciousness_Exploration_2025-07-21_34
2025-08-01 22:39:22,934 - embedding_analysis.utils.checkpoint - INFO - Loaded checkpoint: conv_Consciousness_Exploration_2025-07-21_35
2025-08-01 22:39:22,937 - embedding_analysis.utils.checkpoint - INFO - Loaded checkpoint: conv_Consciousness_Exploration_2025-07-21_36
2025-08-01 22:39:22,941 - embedding_analysis.utils.checkpoint - INFO - Loaded checkpoint: conv_Consciousness_Exploration_2025-07-21_37
2025-08-01 22:39:22,944 - embedding_analysis.utils.checkpoint - INFO - Loaded checkpoint: conv_experiment-consciousness-exploration-efficient-models-session-consciousness_exploration_efficient_models-2025-07-21-1-5ffd1ea6
2025-08-01 22:39:22,948 - embedding_analysis.utils.checkpoint - INFO - Loaded checkpoint: conv_experiment-consciousness-exploration-efficient-models-session-consciousness_exploration_efficient_models-2025-07-21-10-7a03583c
2025-08-01 22:39:22,951 - embedding_analysis.utils.checkpoint - INFO - Loaded checkpoint: conv_experiment-consciousness-exploration-efficient-models-session-consciousness_exploration_efficient_models-2025-07-21-2-d8f4a239
2025-08-01 22:39:22,955 - embedding_analysis.utils.checkpoint - INFO - Loaded checkpoint: conv_experiment-consciousness-exploration-efficient-models-session-consciousness_exploration_efficient_models-2025-07-21-3-356b20b4
2025-08-01 22:39:22,959 - embedding_analysis.utils.checkpoint - INFO - Loaded checkpoint: conv_experiment-consciousness-exploration-efficient-models-session-consciousness_exploration_efficient_models-2025-07-21-4-7530126f
2025-08-01 22:39:22,962 - embedding_analysis.utils.checkpoint - INFO - Loaded checkpoint: conv_experiment-consciousness-exploration-efficient-models-session-consciousness_exploration_efficient_models-2025-07-21-5-c82e535d
2025-08-01 22:39:22,965 - embedding_analysis.utils.checkpoint - INFO - Loaded checkpoint: conv_experiment-consciousness-exploration-efficient-models-session-consciousness_exploration_efficient_models-2025-07-21-6-af3bef62
2025-08-01 22:39:22,969 - embedding_analysis.utils.checkpoint - INFO - Loaded checkpoint: conv_experiment-consciousness-exploration-efficient-models-session-consciousness_exploration_efficient_models-2025-07-21-7-aaf756ea
2025-08-01 22:39:22,973 - embedding_analysis.utils.checkpoint - INFO - Loaded checkpoint: conv_experiment-consciousness-exploration-efficient-models-session-consciousness_exploration_efficient_models-2025-07-21-8-eddadb1f
2025-08-01 22:39:22,976 - embedding_analysis.utils.checkpoint - INFO - Loaded checkpoint: conv_experiment-consciousness-exploration-efficient-models-session-consciousness_exploration_efficient_models-2025-07-21-9-94918209
2025-08-01 22:39:22,980 - embedding_analysis.utils.checkpoint - INFO - Loaded checkpoint: conv_experiment-consciousness-exploration-efficient-models-session-consciousness_exploration_efficient_models-2025-07-22-1-107a38e7
2025-08-01 22:39:22,983 - embedding_analysis.utils.checkpoint - INFO - Loaded checkpoint: conv_experiment-consciousness-exploration-efficient-models-session-consciousness_exploration_efficient_models-2025-07-22-1-205bf5d7
2025-08-01 22:39:22,987 - embedding_analysis.utils.checkpoint - INFO - Loaded checkpoint: conv_experiment-consciousness-exploration-efficient-models-session-consciousness_exploration_efficient_models-2025-07-22-10-a33f4f21
2025-08-01 22:39:22,990 - embedding_analysis.utils.checkpoint - INFO - Loaded checkpoint: conv_experiment-consciousness-exploration-efficient-models-session-consciousness_exploration_efficient_models-2025-07-22-11-e0277ef3
2025-08-01 22:39:22,994 - embedding_analysis.utils.checkpoint - INFO - Loaded checkpoint: conv_experiment-consciousness-exploration-efficient-models-session-consciousness_exploration_efficient_models-2025-07-22-11-fae1124b
2025-08-01 22:39:22,997 - embedding_analysis.utils.checkpoint - INFO - Loaded checkpoint: conv_experiment-consciousness-exploration-efficient-models-session-consciousness_exploration_efficient_models-2025-07-22-12-347b29ae
2025-08-01 22:39:23,001 - embedding_analysis.utils.checkpoint - INFO - Loaded checkpoint: conv_experiment-consciousness-exploration-efficient-models-session-consciousness_exploration_efficient_models-2025-07-22-13-e5cf22b6
2025-08-01 22:39:23,004 - embedding_analysis.utils.checkpoint - INFO - Loaded checkpoint: conv_experiment-consciousness-exploration-efficient-models-session-consciousness_exploration_efficient_models-2025-07-22-15-39b9557b
2025-08-01 22:39:23,007 - embedding_analysis.utils.checkpoint - INFO - Loaded checkpoint: conv_experiment-consciousness-exploration-efficient-models-session-consciousness_exploration_efficient_models-2025-07-22-2-93b869e1
2025-08-01 22:39:23,011 - embedding_analysis.utils.checkpoint - INFO - Loaded checkpoint: conv_experiment-consciousness-exploration-efficient-models-session-consciousness_exploration_efficient_models-2025-07-22-2-a8817162
2025-08-01 22:39:23,014 - embedding_analysis.utils.checkpoint - INFO - Loaded checkpoint: conv_experiment-consciousness-exploration-efficient-models-session-consciousness_exploration_efficient_models-2025-07-22-3-8bf05492
2025-08-01 22:39:23,018 - embedding_analysis.utils.checkpoint - INFO - Loaded checkpoint: conv_experiment-consciousness-exploration-efficient-models-session-consciousness_exploration_efficient_models-2025-07-22-3-b2181927
2025-08-01 22:39:23,021 - embedding_analysis.utils.checkpoint - INFO - Loaded checkpoint: conv_experiment-consciousness-exploration-efficient-models-session-consciousness_exploration_efficient_models-2025-07-22-4-e7d17247
2025-08-01 22:39:23,024 - embedding_analysis.utils.checkpoint - INFO - Loaded checkpoint: conv_experiment-consciousness-exploration-efficient-models-session-consciousness_exploration_efficient_models-2025-07-22-4-f92ed6c3
2025-08-01 22:39:23,028 - embedding_analysis.utils.checkpoint - INFO - Loaded checkpoint: conv_experiment-consciousness-exploration-efficient-models-session-consciousness_exploration_efficient_models-2025-07-22-5-1d193555
2025-08-01 22:39:23,031 - embedding_analysis.utils.checkpoint - INFO - Loaded checkpoint: conv_experiment-consciousness-exploration-efficient-models-session-consciousness_exploration_efficient_models-2025-07-22-6-9dde6c4a
2025-08-01 22:39:23,035 - embedding_analysis.utils.checkpoint - INFO - Loaded checkpoint: conv_experiment-consciousness-exploration-efficient-models-session-consciousness_exploration_efficient_models-2025-07-22-7-456b4b32
2025-08-01 22:39:23,039 - embedding_analysis.utils.checkpoint - INFO - Loaded checkpoint: conv_experiment-consciousness-exploration-efficient-models-session-consciousness_exploration_efficient_models-2025-07-22-7-b18c312f
2025-08-01 22:39:23,042 - embedding_analysis.utils.checkpoint - INFO - Loaded checkpoint: conv_experiment-consciousness-exploration-efficient-models-session-consciousness_exploration_efficient_models-2025-07-22-8-70c71d6b
2025-08-01 22:39:23,046 - embedding_analysis.utils.checkpoint - INFO - Loaded checkpoint: conv_experiment-consciousness-exploration-efficient-models-session-consciousness_exploration_efficient_models-2025-07-22-8-e3ffe474
2025-08-01 22:39:23,049 - embedding_analysis.utils.checkpoint - INFO - Loaded checkpoint: conv_experiment-consciousness-exploration-efficient-models-session-consciousness_exploration_efficient_models-2025-07-22-9-db248c08
2025-08-01 22:39:23,053 - embedding_analysis.utils.checkpoint - INFO - Loaded checkpoint: conv_experiment-consciousness-exploration-efficient-models-session-consciousness_exploration_efficient_models-2025-07-22-9-f5a3afc3
2025-08-01 22:39:23,057 - embedding_analysis.utils.checkpoint - INFO - Loaded checkpoint: conv_experiment-consciousness-exploration-efficient-models-session-consciousness_exploration_efficient_models-2025-07-28-1-ca61f5b1
2025-08-01 22:39:23,060 - embedding_analysis.utils.checkpoint - INFO - Loaded checkpoint: conv_experiment-consciousness-exploration-efficient-models-session-consciousness_exploration_efficient_models-2025-07-28-10-3bc738e4
2025-08-01 22:39:23,064 - embedding_analysis.utils.checkpoint - INFO - Loaded checkpoint: conv_experiment-consciousness-exploration-efficient-models-session-consciousness_exploration_efficient_models-2025-07-28-11-43f95485
2025-08-01 22:39:23,067 - embedding_analysis.utils.checkpoint - INFO - Loaded checkpoint: conv_experiment-consciousness-exploration-efficient-models-session-consciousness_exploration_efficient_models-2025-07-28-12-f34729ae
2025-08-01 22:39:23,071 - embedding_analysis.utils.checkpoint - INFO - Loaded checkpoint: conv_experiment-consciousness-exploration-efficient-models-session-consciousness_exploration_efficient_models-2025-07-28-13-d910cc18
2025-08-01 22:39:23,074 - embedding_analysis.utils.checkpoint - INFO - Loaded checkpoint: conv_experiment-consciousness-exploration-efficient-models-session-consciousness_exploration_efficient_models-2025-07-28-14-8c8d039f
2025-08-01 22:39:23,078 - embedding_analysis.utils.checkpoint - INFO - Loaded checkpoint: conv_experiment-consciousness-exploration-efficient-models-session-consciousness_exploration_efficient_models-2025-07-28-15-226fb579
2025-08-01 22:39:23,082 - embedding_analysis.utils.checkpoint - INFO - Loaded checkpoint: conv_experiment-consciousness-exploration-efficient-models-session-consciousness_exploration_efficient_models-2025-07-28-16-5d492f0c
2025-08-01 22:39:23,085 - embedding_analysis.utils.checkpoint - INFO - Loaded checkpoint: conv_experiment-consciousness-exploration-efficient-models-session-consciousness_exploration_efficient_models-2025-07-28-17-4ed74d93
2025-08-01 22:39:23,089 - embedding_analysis.utils.checkpoint - INFO - Loaded checkpoint: conv_experiment-consciousness-exploration-efficient-models-session-consciousness_exploration_efficient_models-2025-07-28-18-119573f2
2025-08-01 22:39:23,092 - embedding_analysis.utils.checkpoint - INFO - Loaded checkpoint: conv_experiment-consciousness-exploration-efficient-models-session-consciousness_exploration_efficient_models-2025-07-28-19-75d13e25
2025-08-01 22:39:23,096 - embedding_analysis.utils.checkpoint - INFO - Loaded checkpoint: conv_experiment-consciousness-exploration-efficient-models-session-consciousness_exploration_efficient_models-2025-07-28-2-c910cfc2
2025-08-01 22:39:23,099 - embedding_analysis.utils.checkpoint - INFO - Loaded checkpoint: conv_experiment-consciousness-exploration-efficient-models-session-consciousness_exploration_efficient_models-2025-07-28-20-09ce7a3d
2025-08-01 22:39:23,102 - embedding_analysis.utils.checkpoint - INFO - Loaded checkpoint: conv_experiment-consciousness-exploration-efficient-models-session-consciousness_exploration_efficient_models-2025-07-28-21-f443a04e
2025-08-01 22:39:23,106 - embedding_analysis.utils.checkpoint - INFO - Loaded checkpoint: conv_experiment-consciousness-exploration-efficient-models-session-consciousness_exploration_efficient_models-2025-07-28-22-5461a46b
2025-08-01 22:39:23,109 - embedding_analysis.utils.checkpoint - INFO - Loaded checkpoint: conv_experiment-consciousness-exploration-efficient-models-session-consciousness_exploration_efficient_models-2025-07-28-23-d8677cfb
2025-08-01 22:39:23,113 - embedding_analysis.utils.checkpoint - INFO - Loaded checkpoint: conv_experiment-consciousness-exploration-efficient-models-session-consciousness_exploration_efficient_models-2025-07-28-24-e2eb5ed2
2025-08-01 22:39:23,116 - embedding_analysis.utils.checkpoint - INFO - Loaded checkpoint: conv_experiment-consciousness-exploration-efficient-models-session-consciousness_exploration_efficient_models-2025-07-28-25-1de2ddf8
2025-08-01 22:39:23,120 - embedding_analysis.utils.checkpoint - INFO - Loaded checkpoint: conv_experiment-consciousness-exploration-efficient-models-session-consciousness_exploration_efficient_models-2025-07-28-26-ef469ecb
2025-08-01 22:39:23,124 - embedding_analysis.utils.checkpoint - INFO - Loaded checkpoint: conv_experiment-consciousness-exploration-efficient-models-session-consciousness_exploration_efficient_models-2025-07-28-27-b8e976a9
2025-08-01 22:39:23,127 - embedding_analysis.utils.checkpoint - INFO - Loaded checkpoint: conv_experiment-consciousness-exploration-efficient-models-session-consciousness_exploration_efficient_models-2025-07-28-28-23c2853c
2025-08-01 22:39:23,131 - embedding_analysis.utils.checkpoint - INFO - Loaded checkpoint: conv_experiment-consciousness-exploration-efficient-models-session-consciousness_exploration_efficient_models-2025-07-28-29-055b3d02
2025-08-01 22:39:23,135 - embedding_analysis.utils.checkpoint - INFO - Loaded checkpoint: conv_experiment-consciousness-exploration-efficient-models-session-consciousness_exploration_efficient_models-2025-07-28-3-a6389a89
2025-08-01 22:39:23,138 - embedding_analysis.utils.checkpoint - INFO - Loaded checkpoint: conv_experiment-consciousness-exploration-efficient-models-session-consciousness_exploration_efficient_models-2025-07-28-30-cd26d694
2025-08-01 22:39:23,142 - embedding_analysis.utils.checkpoint - INFO - Loaded checkpoint: conv_experiment-consciousness-exploration-efficient-models-session-consciousness_exploration_efficient_models-2025-07-28-4-6d2a9fc0
2025-08-01 22:39:23,145 - embedding_analysis.utils.checkpoint - INFO - Loaded checkpoint: conv_experiment-consciousness-exploration-efficient-models-session-consciousness_exploration_efficient_models-2025-07-28-5-8b02f04f
2025-08-01 22:39:23,149 - embedding_analysis.utils.checkpoint - INFO - Loaded checkpoint: conv_experiment-consciousness-exploration-efficient-models-session-consciousness_exploration_efficient_models-2025-07-28-6-2e72b472
2025-08-01 22:39:23,153 - embedding_analysis.utils.checkpoint - INFO - Loaded checkpoint: conv_experiment-consciousness-exploration-efficient-models-session-consciousness_exploration_efficient_models-2025-07-28-7-d1f4794b
2025-08-01 22:39:23,156 - embedding_analysis.utils.checkpoint - INFO - Loaded checkpoint: conv_experiment-consciousness-exploration-efficient-models-session-consciousness_exploration_efficient_models-2025-07-28-8-fba43c0b
2025-08-01 22:39:23,160 - embedding_analysis.utils.checkpoint - INFO - Loaded checkpoint: conv_experiment-consciousness-exploration-efficient-models-session-consciousness_exploration_efficient_models-2025-07-28-9-b56e79f9
2025-08-01 22:39:23,163 - embedding_analysis.utils.checkpoint - INFO - Loaded checkpoint: conv_experiment-consciousness-exploration-session-consciousness_exploration-2025-07-29-1-edd4f263
2025-08-01 22:39:23,167 - embedding_analysis.utils.checkpoint - INFO - Loaded checkpoint: conv_experiment-consciousness-exploration-session-consciousness_exploration-2025-07-29-10-e643546b
2025-08-01 22:39:23,171 - embedding_analysis.utils.checkpoint - INFO - Loaded checkpoint: conv_experiment-consciousness-exploration-session-consciousness_exploration-2025-07-29-11-230ec9a2
2025-08-01 22:39:23,174 - embedding_analysis.utils.checkpoint - INFO - Loaded checkpoint: conv_experiment-consciousness-exploration-session-consciousness_exploration-2025-07-29-12-371b558f
2025-08-01 22:39:23,178 - embedding_analysis.utils.checkpoint - INFO - Loaded checkpoint: conv_experiment-consciousness-exploration-session-consciousness_exploration-2025-07-29-13-c9e1d897
2025-08-01 22:39:23,181 - embedding_analysis.utils.checkpoint - INFO - Loaded checkpoint: conv_experiment-consciousness-exploration-session-consciousness_exploration-2025-07-29-14-7fe6fe48
2025-08-01 22:39:23,185 - embedding_analysis.utils.checkpoint - INFO - Loaded checkpoint: conv_experiment-consciousness-exploration-session-consciousness_exploration-2025-07-29-15-4c234775
2025-08-01 22:39:23,188 - embedding_analysis.utils.checkpoint - INFO - Loaded checkpoint: conv_experiment-consciousness-exploration-session-consciousness_exploration-2025-07-29-16-be09e2fa
2025-08-01 22:39:23,192 - embedding_analysis.utils.checkpoint - INFO - Loaded checkpoint: conv_experiment-consciousness-exploration-session-consciousness_exploration-2025-07-29-17-1d5f6c74
2025-08-01 22:39:23,195 - embedding_analysis.utils.checkpoint - INFO - Loaded checkpoint: conv_experiment-consciousness-exploration-session-consciousness_exploration-2025-07-29-18-4fe5a383
2025-08-01 22:39:23,198 - embedding_analysis.utils.checkpoint - INFO - Loaded checkpoint: conv_experiment-consciousness-exploration-session-consciousness_exploration-2025-07-29-19-27f70965
2025-08-01 22:39:23,202 - embedding_analysis.utils.checkpoint - INFO - Loaded checkpoint: conv_experiment-consciousness-exploration-session-consciousness_exploration-2025-07-29-2-0099f4fa
2025-08-01 22:39:23,206 - embedding_analysis.utils.checkpoint - INFO - Loaded checkpoint: conv_experiment-consciousness-exploration-session-consciousness_exploration-2025-07-29-20-ba953785
2025-08-01 22:39:23,210 - embedding_analysis.utils.checkpoint - INFO - Loaded checkpoint: conv_experiment-consciousness-exploration-session-consciousness_exploration-2025-07-29-21-0b1734e6
2025-08-01 22:39:23,213 - embedding_analysis.utils.checkpoint - INFO - Loaded checkpoint: conv_experiment-consciousness-exploration-session-consciousness_exploration-2025-07-29-22-9a4fc5de
2025-08-01 22:39:23,217 - embedding_analysis.utils.checkpoint - INFO - Loaded checkpoint: conv_experiment-consciousness-exploration-session-consciousness_exploration-2025-07-29-23-f6aa8613
2025-08-01 22:39:23,220 - embedding_analysis.utils.checkpoint - INFO - Loaded checkpoint: conv_experiment-consciousness-exploration-session-consciousness_exploration-2025-07-29-24-05d88759
2025-08-01 22:39:23,224 - embedding_analysis.utils.checkpoint - INFO - Loaded checkpoint: conv_experiment-consciousness-exploration-session-consciousness_exploration-2025-07-29-25-414c31af
2025-08-01 22:39:23,227 - embedding_analysis.utils.checkpoint - INFO - Loaded checkpoint: conv_experiment-consciousness-exploration-session-consciousness_exploration-2025-07-29-26-f7e22e07
2025-08-01 22:39:23,231 - embedding_analysis.utils.checkpoint - INFO - Loaded checkpoint: conv_experiment-consciousness-exploration-session-consciousness_exploration-2025-07-29-27-c8dfb03b
2025-08-01 22:39:23,234 - embedding_analysis.utils.checkpoint - INFO - Loaded checkpoint: conv_experiment-consciousness-exploration-session-consciousness_exploration-2025-07-29-28-7e817303
2025-08-01 22:39:23,238 - embedding_analysis.utils.checkpoint - INFO - Loaded checkpoint: conv_experiment-consciousness-exploration-session-consciousness_exploration-2025-07-29-29-e4ddfd8f
2025-08-01 22:39:23,241 - embedding_analysis.utils.checkpoint - INFO - Loaded checkpoint: conv_experiment-consciousness-exploration-session-consciousness_exploration-2025-07-29-3-39120d0e
2025-08-01 22:39:23,245 - embedding_analysis.utils.checkpoint - INFO - Loaded checkpoint: conv_experiment-consciousness-exploration-session-consciousness_exploration-2025-07-29-30-f3a3d0ec
2025-08-01 22:39:23,248 - embedding_analysis.utils.checkpoint - INFO - Loaded checkpoint: conv_experiment-consciousness-exploration-session-consciousness_exploration-2025-07-29-4-165ab206
2025-08-01 22:39:23,252 - embedding_analysis.utils.checkpoint - INFO - Loaded checkpoint: conv_experiment-consciousness-exploration-session-consciousness_exploration-2025-07-29-5-55c1de16
2025-08-01 22:39:23,255 - embedding_analysis.utils.checkpoint - INFO - Loaded checkpoint: conv_experiment-consciousness-exploration-session-consciousness_exploration-2025-07-29-6-8634a018
2025-08-01 22:39:23,259 - embedding_analysis.utils.checkpoint - INFO - Loaded checkpoint: conv_experiment-consciousness-exploration-session-consciousness_exploration-2025-07-29-7-85817c02
2025-08-01 22:39:23,262 - embedding_analysis.utils.checkpoint - INFO - Loaded checkpoint: conv_experiment-consciousness-exploration-session-consciousness_exploration-2025-07-29-8-10b0dd5d
2025-08-01 22:39:23,266 - embedding_analysis.utils.checkpoint - INFO - Loaded checkpoint: conv_experiment-consciousness-exploration-session-consciousness_exploration-2025-07-29-9-540848c7
2025-08-01 22:39:23,269 - embedding_analysis.utils.checkpoint - INFO - Loaded checkpoint: conv_experiment-non-reasoning-(copy)-session-non_reasoning-2025-07-22-1-13b79ca1
2025-08-01 22:39:23,273 - embedding_analysis.utils.checkpoint - INFO - Loaded checkpoint: conv_experiment-non-reasoning-(copy)-session-non_reasoning-2025-07-22-10-539867fb
2025-08-01 22:39:23,276 - embedding_analysis.utils.checkpoint - INFO - Loaded checkpoint: conv_experiment-non-reasoning-(copy)-session-non_reasoning-2025-07-22-11-6377b87e
2025-08-01 22:39:23,280 - embedding_analysis.utils.checkpoint - INFO - Loaded checkpoint: conv_experiment-non-reasoning-(copy)-session-non_reasoning-2025-07-22-12-f12f85f5
2025-08-01 22:39:23,283 - embedding_analysis.utils.checkpoint - INFO - Loaded checkpoint: conv_experiment-non-reasoning-(copy)-session-non_reasoning-2025-07-22-13-3b02354b
2025-08-01 22:39:23,287 - embedding_analysis.utils.checkpoint - INFO - Loaded checkpoint: conv_experiment-non-reasoning-(copy)-session-non_reasoning-2025-07-22-14-20488961
2025-08-01 22:39:23,290 - embedding_analysis.utils.checkpoint - INFO - Loaded checkpoint: conv_experiment-non-reasoning-(copy)-session-non_reasoning-2025-07-22-15-019a6e58
2025-08-01 22:39:23,294 - embedding_analysis.utils.checkpoint - INFO - Loaded checkpoint: conv_experiment-non-reasoning-(copy)-session-non_reasoning-2025-07-22-2-5e2c67ab
2025-08-01 22:39:23,298 - embedding_analysis.utils.checkpoint - INFO - Loaded checkpoint: conv_experiment-non-reasoning-(copy)-session-non_reasoning-2025-07-22-3-89bddc76
2025-08-01 22:39:23,301 - embedding_analysis.utils.checkpoint - INFO - Loaded checkpoint: conv_experiment-non-reasoning-(copy)-session-non_reasoning-2025-07-22-4-d69ee92b
2025-08-01 22:39:23,304 - embedding_analysis.utils.checkpoint - INFO - Loaded checkpoint: conv_experiment-non-reasoning-(copy)-session-non_reasoning-2025-07-22-5-353418ad
2025-08-01 22:39:23,308 - embedding_analysis.utils.checkpoint - INFO - Loaded checkpoint: conv_experiment-non-reasoning-(copy)-session-non_reasoning-2025-07-22-6-854affef
2025-08-01 22:39:23,311 - embedding_analysis.utils.checkpoint - INFO - Loaded checkpoint: conv_experiment-non-reasoning-(copy)-session-non_reasoning-2025-07-22-7-1bd0e852
2025-08-01 22:39:23,315 - embedding_analysis.utils.checkpoint - INFO - Loaded checkpoint: conv_experiment-non-reasoning-(copy)-session-non_reasoning-2025-07-22-8-606eaf92
2025-08-01 22:39:23,318 - embedding_analysis.utils.checkpoint - INFO - Loaded checkpoint: conv_experiment-non-reasoning-(copy)-session-non_reasoning-2025-07-22-9-bb1ad0d4
2025-08-01 22:39:23,322 - embedding_analysis.utils.checkpoint - INFO - Loaded checkpoint: conv_experiment-non-reasoning-session-non_reasoning-2025-07-22-1-293d35c5
2025-08-01 22:39:23,326 - embedding_analysis.utils.checkpoint - INFO - Loaded checkpoint: conv_experiment-non-reasoning-session-non_reasoning-2025-07-22-10-1b24aa81
2025-08-01 22:39:23,330 - embedding_analysis.utils.checkpoint - INFO - Loaded checkpoint: conv_experiment-non-reasoning-session-non_reasoning-2025-07-22-11-d43ef8b3
2025-08-01 22:39:23,333 - embedding_analysis.utils.checkpoint - INFO - Loaded checkpoint: conv_experiment-non-reasoning-session-non_reasoning-2025-07-22-12-d9b79171
2025-08-01 22:39:23,337 - embedding_analysis.utils.checkpoint - INFO - Loaded checkpoint: conv_experiment-non-reasoning-session-non_reasoning-2025-07-22-13-eadf803c
2025-08-01 22:39:23,341 - embedding_analysis.utils.checkpoint - INFO - Loaded checkpoint: conv_experiment-non-reasoning-session-non_reasoning-2025-07-22-14-93d29378
2025-08-01 22:39:23,344 - embedding_analysis.utils.checkpoint - INFO - Loaded checkpoint: conv_experiment-non-reasoning-session-non_reasoning-2025-07-22-15-2af87a21
2025-08-01 22:39:23,348 - embedding_analysis.utils.checkpoint - INFO - Loaded checkpoint: conv_experiment-non-reasoning-session-non_reasoning-2025-07-22-2-f1a4ad4c
2025-08-01 22:39:23,351 - embedding_analysis.utils.checkpoint - INFO - Loaded checkpoint: conv_experiment-non-reasoning-session-non_reasoning-2025-07-22-3-d18059dc
2025-08-01 22:39:23,355 - embedding_analysis.utils.checkpoint - INFO - Loaded checkpoint: conv_experiment-non-reasoning-session-non_reasoning-2025-07-22-4-720fe6bb
2025-08-01 22:39:23,358 - embedding_analysis.utils.checkpoint - INFO - Loaded checkpoint: conv_experiment-non-reasoning-session-non_reasoning-2025-07-22-5-6e32549a
2025-08-01 22:39:23,361 - embedding_analysis.utils.checkpoint - INFO - Loaded checkpoint: conv_experiment-non-reasoning-session-non_reasoning-2025-07-22-6-3af4178b
2025-08-01 22:39:23,365 - embedding_analysis.utils.checkpoint - INFO - Loaded checkpoint: conv_experiment-non-reasoning-session-non_reasoning-2025-07-22-7-e31bb8bf
2025-08-01 22:39:23,368 - embedding_analysis.utils.checkpoint - INFO - Loaded checkpoint: conv_experiment-non-reasoning-session-non_reasoning-2025-07-22-8-bcc004cb
2025-08-01 22:39:23,372 - embedding_analysis.utils.checkpoint - INFO - Loaded checkpoint: conv_experiment-non-reasoning-session-non_reasoning-2025-07-22-9-87f3543a
2025-08-01 22:39:23,375 - embedding_analysis.utils.checkpoint - INFO - Loaded checkpoint: conv_experiment-non-reasoning-session-non_reasoning-2025-07-24-1-7196ff97
2025-08-01 22:39:23,379 - embedding_analysis.utils.checkpoint - INFO - Loaded checkpoint: conv_experiment-non-reasoning-session-non_reasoning-2025-07-24-11-399ec973
2025-08-01 22:39:23,383 - embedding_analysis.utils.checkpoint - INFO - Loaded checkpoint: conv_experiment-non-reasoning-session-non_reasoning-2025-07-24-12-9c90127a
2025-08-01 22:39:23,386 - embedding_analysis.utils.checkpoint - INFO - Loaded checkpoint: conv_experiment-non-reasoning-session-non_reasoning-2025-07-24-13-11c3507a
2025-08-01 22:39:23,390 - embedding_analysis.utils.checkpoint - INFO - Loaded checkpoint: conv_experiment-non-reasoning-session-non_reasoning-2025-07-24-14-fe9872d6
2025-08-01 22:39:23,393 - embedding_analysis.utils.checkpoint - INFO - Loaded checkpoint: conv_experiment-non-reasoning-session-non_reasoning-2025-07-24-15-d52dde48
2025-08-01 22:39:23,396 - embedding_analysis.utils.checkpoint - INFO - Loaded checkpoint: conv_experiment-non-reasoning-session-non_reasoning-2025-07-24-2-21d328a0
2025-08-01 22:39:23,399 - embedding_analysis.utils.checkpoint - INFO - Loaded checkpoint: conv_experiment-non-reasoning-session-non_reasoning-2025-07-24-3-14652e32
2025-08-01 22:39:23,403 - embedding_analysis.utils.checkpoint - INFO - Loaded checkpoint: conv_experiment-non-reasoning-session-non_reasoning-2025-07-24-4-5381d945
2025-08-01 22:39:23,406 - embedding_analysis.utils.checkpoint - INFO - Loaded checkpoint: conv_experiment-non-reasoning-session-non_reasoning-2025-07-24-5-3e9c1446
2025-08-01 22:39:23,410 - embedding_analysis.utils.checkpoint - INFO - Loaded checkpoint: conv_experiment-non-reasoning-session-non_reasoning-2025-07-24-6-8e8d0906
2025-08-01 22:39:23,413 - embedding_analysis.utils.checkpoint - INFO - Loaded checkpoint: conv_experiment-non-reasoning-session-non_reasoning-2025-07-24-9-b3af992a
2025-08-01 22:39:23,417 - embedding_analysis.utils.checkpoint - INFO - Loaded checkpoint: conv_experiment-non-reasoning-session-non_reasoning-2025-07-25-1-0102b35d
2025-08-01 22:39:23,421 - embedding_analysis.utils.checkpoint - INFO - Loaded checkpoint: conv_experiment-non-reasoning-session-non_reasoning-2025-07-25-10-adda4c35
2025-08-01 22:39:23,424 - embedding_analysis.utils.checkpoint - INFO - Loaded checkpoint: conv_experiment-non-reasoning-session-non_reasoning-2025-07-25-11-efd5afa6
2025-08-01 22:39:23,428 - embedding_analysis.utils.checkpoint - INFO - Loaded checkpoint: conv_experiment-non-reasoning-session-non_reasoning-2025-07-25-12-5f72422d
2025-08-01 22:39:23,432 - embedding_analysis.utils.checkpoint - INFO - Loaded checkpoint: conv_experiment-non-reasoning-session-non_reasoning-2025-07-25-13-14b2c0a1
2025-08-01 22:39:23,435 - embedding_analysis.utils.checkpoint - INFO - Loaded checkpoint: conv_experiment-non-reasoning-session-non_reasoning-2025-07-25-14-3dd64655
2025-08-01 22:39:23,438 - embedding_analysis.utils.checkpoint - INFO - Loaded checkpoint: conv_experiment-non-reasoning-session-non_reasoning-2025-07-25-15-518251b0
2025-08-01 22:39:23,442 - embedding_analysis.utils.checkpoint - INFO - Loaded checkpoint: conv_experiment-non-reasoning-session-non_reasoning-2025-07-25-16-84ff7e9b
2025-08-01 22:39:23,445 - embedding_analysis.utils.checkpoint - INFO - Loaded checkpoint: conv_experiment-non-reasoning-session-non_reasoning-2025-07-25-17-236f1ada
2025-08-01 22:39:23,449 - embedding_analysis.utils.checkpoint - INFO - Loaded checkpoint: conv_experiment-non-reasoning-session-non_reasoning-2025-07-25-18-f6bfa994
2025-08-01 22:39:23,453 - embedding_analysis.utils.checkpoint - INFO - Loaded checkpoint: conv_experiment-non-reasoning-session-non_reasoning-2025-07-25-19-803d5f85
2025-08-01 22:39:23,456 - embedding_analysis.utils.checkpoint - INFO - Loaded checkpoint: conv_experiment-non-reasoning-session-non_reasoning-2025-07-25-2-75cf5c14
2025-08-01 22:39:23,460 - embedding_analysis.utils.checkpoint - INFO - Loaded checkpoint: conv_experiment-non-reasoning-session-non_reasoning-2025-07-25-20-4e4e8342
2025-08-01 22:39:23,464 - embedding_analysis.utils.checkpoint - INFO - Loaded checkpoint: conv_experiment-non-reasoning-session-non_reasoning-2025-07-25-21-929349c0
2025-08-01 22:39:23,468 - embedding_analysis.utils.checkpoint - INFO - Loaded checkpoint: conv_experiment-non-reasoning-session-non_reasoning-2025-07-25-22-b5d5fa80
2025-08-01 22:39:23,471 - embedding_analysis.utils.checkpoint - INFO - Loaded checkpoint: conv_experiment-non-reasoning-session-non_reasoning-2025-07-25-23-983b5932
2025-08-01 22:39:23,475 - embedding_analysis.utils.checkpoint - INFO - Loaded checkpoint: conv_experiment-non-reasoning-session-non_reasoning-2025-07-25-24-b651bc4c
2025-08-01 22:39:23,478 - embedding_analysis.utils.checkpoint - INFO - Loaded checkpoint: conv_experiment-non-reasoning-session-non_reasoning-2025-07-25-25-0e6b4e3c
2025-08-01 22:39:23,482 - embedding_analysis.utils.checkpoint - INFO - Loaded checkpoint: conv_experiment-non-reasoning-session-non_reasoning-2025-07-25-26-2f1d535f
2025-08-01 22:39:23,485 - embedding_analysis.utils.checkpoint - INFO - Loaded checkpoint: conv_experiment-non-reasoning-session-non_reasoning-2025-07-25-27-84a9add3
2025-08-01 22:39:23,488 - embedding_analysis.utils.checkpoint - INFO - Loaded checkpoint: conv_experiment-non-reasoning-session-non_reasoning-2025-07-25-28-5086fa8b
2025-08-01 22:39:23,492 - embedding_analysis.utils.checkpoint - INFO - Loaded checkpoint: conv_experiment-non-reasoning-session-non_reasoning-2025-07-25-29-07faa6e8
2025-08-01 22:39:23,496 - embedding_analysis.utils.checkpoint - INFO - Loaded checkpoint: conv_experiment-non-reasoning-session-non_reasoning-2025-07-25-3-1f66162e
2025-08-01 22:39:23,499 - embedding_analysis.utils.checkpoint - INFO - Loaded checkpoint: conv_experiment-non-reasoning-session-non_reasoning-2025-07-25-30-5525b2f9
2025-08-01 22:39:23,503 - embedding_analysis.utils.checkpoint - INFO - Loaded checkpoint: conv_experiment-non-reasoning-session-non_reasoning-2025-07-25-4-3789b926
2025-08-01 22:39:23,506 - embedding_analysis.utils.checkpoint - INFO - Loaded checkpoint: conv_experiment-non-reasoning-session-non_reasoning-2025-07-25-5-42de4e1a
2025-08-01 22:39:23,510 - embedding_analysis.utils.checkpoint - INFO - Loaded checkpoint: conv_experiment-non-reasoning-session-non_reasoning-2025-07-25-6-94e90828
2025-08-01 22:39:23,514 - embedding_analysis.utils.checkpoint - INFO - Loaded checkpoint: conv_experiment-non-reasoning-session-non_reasoning-2025-07-25-7-280fbd98
2025-08-01 22:39:23,517 - embedding_analysis.utils.checkpoint - INFO - Loaded checkpoint: conv_experiment-non-reasoning-session-non_reasoning-2025-07-25-8-72d0eb70
2025-08-01 22:39:23,521 - embedding_analysis.utils.checkpoint - INFO - Loaded checkpoint: conv_experiment-non-reasoning-session-non_reasoning-2025-07-25-9-a4e1acca
2025-08-01 22:39:23,524 - embedding_analysis.utils.checkpoint - INFO - Loaded checkpoint: conv_experiment-non-reasoning-session-non_reasoning-2025-07-28-1-5183a5ce
2025-08-01 22:39:23,527 - embedding_analysis.utils.checkpoint - INFO - Loaded checkpoint: conv_experiment-non-reasoning-session-non_reasoning-2025-07-28-1-cdbe1349
2025-08-01 22:39:23,531 - embedding_analysis.utils.checkpoint - INFO - Loaded checkpoint: conv_experiment-non-reasoning-session-non_reasoning-2025-07-28-10-7502b9c6
2025-08-01 22:39:23,534 - embedding_analysis.utils.checkpoint - INFO - Loaded checkpoint: conv_experiment-non-reasoning-session-non_reasoning-2025-07-28-11-64a117e0
2025-08-01 22:39:23,538 - embedding_analysis.utils.checkpoint - INFO - Loaded checkpoint: conv_experiment-non-reasoning-session-non_reasoning-2025-07-28-12-b5838ec0
2025-08-01 22:39:23,541 - embedding_analysis.utils.checkpoint - INFO - Loaded checkpoint: conv_experiment-non-reasoning-session-non_reasoning-2025-07-28-13-a7ae005f
2025-08-01 22:39:23,545 - embedding_analysis.utils.checkpoint - INFO - Loaded checkpoint: conv_experiment-non-reasoning-session-non_reasoning-2025-07-28-14-14d93b1a
2025-08-01 22:39:23,549 - embedding_analysis.utils.checkpoint - INFO - Loaded checkpoint: conv_experiment-non-reasoning-session-non_reasoning-2025-07-28-15-d6edac06
2025-08-01 22:39:23,552 - embedding_analysis.utils.checkpoint - INFO - Loaded checkpoint: conv_experiment-non-reasoning-session-non_reasoning-2025-07-28-16-f039b486
2025-08-01 22:39:23,556 - embedding_analysis.utils.checkpoint - INFO - Loaded checkpoint: conv_experiment-non-reasoning-session-non_reasoning-2025-07-28-17-16df3e6c
2025-08-01 22:39:23,559 - embedding_analysis.utils.checkpoint - INFO - Loaded checkpoint: conv_experiment-non-reasoning-session-non_reasoning-2025-07-28-18-f05ab204
2025-08-01 22:39:23,562 - embedding_analysis.utils.checkpoint - INFO - Loaded checkpoint: conv_experiment-non-reasoning-session-non_reasoning-2025-07-28-19-763f8b3d
2025-08-01 22:39:23,566 - embedding_analysis.utils.checkpoint - INFO - Loaded checkpoint: conv_experiment-non-reasoning-session-non_reasoning-2025-07-28-2-2e5b8e1d
2025-08-01 22:39:23,569 - embedding_analysis.utils.checkpoint - INFO - Loaded checkpoint: conv_experiment-non-reasoning-session-non_reasoning-2025-07-28-2-d4cd31e0
2025-08-01 22:39:23,572 - embedding_analysis.utils.checkpoint - INFO - Loaded checkpoint: conv_experiment-non-reasoning-session-non_reasoning-2025-07-28-20-f008b5ce
2025-08-01 22:39:23,576 - embedding_analysis.utils.checkpoint - INFO - Loaded checkpoint: conv_experiment-non-reasoning-session-non_reasoning-2025-07-28-21-09a31fe2
2025-08-01 22:39:23,579 - embedding_analysis.utils.checkpoint - INFO - Loaded checkpoint: conv_experiment-non-reasoning-session-non_reasoning-2025-07-28-22-3f1e1654
2025-08-01 22:39:23,583 - embedding_analysis.utils.checkpoint - INFO - Loaded checkpoint: conv_experiment-non-reasoning-session-non_reasoning-2025-07-28-23-2be875f0
2025-08-01 22:39:23,586 - embedding_analysis.utils.checkpoint - INFO - Loaded checkpoint: conv_experiment-non-reasoning-session-non_reasoning-2025-07-28-24-a1da7003
2025-08-01 22:39:23,590 - embedding_analysis.utils.checkpoint - INFO - Loaded checkpoint: conv_experiment-non-reasoning-session-non_reasoning-2025-07-28-25-6e0c0962
2025-08-01 22:39:23,593 - embedding_analysis.utils.checkpoint - INFO - Loaded checkpoint: conv_experiment-non-reasoning-session-non_reasoning-2025-07-28-26-24c49324
2025-08-01 22:39:23,597 - embedding_analysis.utils.checkpoint - INFO - Loaded checkpoint: conv_experiment-non-reasoning-session-non_reasoning-2025-07-28-3-3fada9b4
2025-08-01 22:39:23,600 - embedding_analysis.utils.checkpoint - INFO - Loaded checkpoint: conv_experiment-non-reasoning-session-non_reasoning-2025-07-28-4-27697f5f
2025-08-01 22:39:23,604 - embedding_analysis.utils.checkpoint - INFO - Loaded checkpoint: conv_experiment-non-reasoning-session-non_reasoning-2025-07-28-5-00ba9d81
2025-08-01 22:39:23,607 - embedding_analysis.utils.checkpoint - INFO - Loaded checkpoint: conv_experiment-non-reasoning-session-non_reasoning-2025-07-28-6-2be82bca
2025-08-01 22:39:23,610 - embedding_analysis.utils.checkpoint - INFO - Loaded checkpoint: conv_experiment-non-reasoning-session-non_reasoning-2025-07-28-7-edcbb90f
2025-08-01 22:39:23,614 - embedding_analysis.utils.checkpoint - INFO - Loaded checkpoint: conv_experiment-non-reasoning-session-non_reasoning-2025-07-28-8-b5e08baf
2025-08-01 22:39:23,617 - embedding_analysis.utils.checkpoint - INFO - Loaded checkpoint: conv_experiment-non-reasoning-session-non_reasoning-2025-07-28-9-1516a0d1
2025-08-01 22:39:23,618 - embedding_analysis - INFO - Found 229 conversations already processed
2025-08-01 22:39:23,618 - embedding_analysis - INFO - All conversations already processed! Skipping to analysis...
2025-08-01 22:39:23,618 - embedding_analysis - INFO - Skipping embedding model loading - not needed for analysis
2025-08-01 22:39:23,620 - embedding_analysis - INFO - 
Preparing data for hierarchical hypothesis testing...
2025-08-01 22:39:23,623 - embedding_analysis - INFO - Generating null models for comparison...
2025-08-01 22:39:37,811 - embedding_analysis - INFO - Prepared hypothesis testing data:
2025-08-01 22:39:37,811 - embedding_analysis - INFO -   Transformer pairs: 687
2025-08-01 22:39:37,811 - embedding_analysis - INFO -   Classical pairs: 229
2025-08-01 22:39:37,812 - embedding_analysis - INFO -   Cross-paradigm pairs: 1374
2025-08-01 22:39:37,812 - embedding_analysis - INFO -   Example transformer correlations: [0.7778270924012524, 0.7097610645081736, 0.6667795942188014]
2025-08-01 22:39:37,812 - embedding_analysis - INFO -   Example classical correlations: [0.9121503526217678, 0.9235205056878147, 0.9790611491953712]
2025-08-01 22:39:37,812 - embedding_analysis - INFO -   Example cross-paradigm correlations: [0.5425900069896559, 0.5228863657763192, 0.5827489373186961]
2025-08-01 22:39:37,812 - embedding_analysis - INFO -   Null samples: 200
2025-08-01 22:39:37,812 - embedding_analysis - INFO -   Random samples: 200
2025-08-01 22:39:37,813 - embedding_analysis - INFO - 
Running hierarchical hypothesis testing...
2025-08-01 22:39:37,813 - embedding_analysis.core.hierarchical_hypothesis_testing - INFO - Testing Tier 1: Within-paradigm invariance
2025-08-01 22:39:37,912 - embedding_analysis.core.hierarchical_hypothesis_testing - INFO - Testing Tier 2: Cross-paradigm invariance
2025-08-01 22:39:37,915 - embedding_analysis.core.hierarchical_hypothesis_testing - INFO - Testing Tier 3: Invariance hierarchy
2025-08-01 22:39:37,919 - embedding_analysis.core.hierarchical_hypothesis_testing - INFO - Running control hypothesis tests
2025-08-01 22:39:37,922 - embedding_analysis - INFO - 
Hypothesis Testing Results:
2025-08-01 22:39:37,922 - embedding_analysis - INFO -   Maximum tier passed: 3
2025-08-01 22:39:37,922 - embedding_analysis - INFO -   Conclusion: All tiers passed: Complete geometric invariance established
2025-08-01 22:39:37,923 - embedding_analysis - INFO -   Hypotheses passed: 12/12
2025-08-01 22:39:37,923 - embedding_analysis - INFO -   Mean effect size: 0.152
2025-08-01 22:39:37,923 - embedding_analysis - INFO - 
Generating invariance visualizations...
2025-08-01 22:39:38,591 - embedding_analysis - INFO -   ✓ Generated model correlation heatmap
2025-08-01 22:39:38,952 - embedding_analysis - INFO -   ✓ Generated invariance score distribution
2025-08-01 22:39:39,200 - embedding_analysis - INFO -   ✓ Generated paradigm comparison boxplot
2025-08-01 22:39:39,200 - embedding_analysis - INFO - Invariance visualizations complete
2025-08-01 22:39:39,200 - embedding_analysis.visualization.reports - INFO - Invariance report saved to analysis_output/reports/invariance_analysis.txt
2025-08-01 22:39:39,201 - embedding_analysis - INFO - Generated invariance analysis report
2025-08-01 22:39:39,201 - embedding_analysis.visualization.reports - INFO - Hypothesis test report saved to analysis_output/reports/hypothesis_test_results.txt
2025-08-01 22:39:39,201 - embedding_analysis - INFO - Generated hypothesis test report
2025-08-01 22:39:39,201 - embedding_analysis.visualization.reports - INFO - Report saved to analysis_output/reports/analysis_summary.txt
2025-08-01 22:39:39,201 - embedding_analysis - INFO - Generated summary report
2025-08-01 22:39:39,201 - embedding_analysis - INFO - 
======================================================================
2025-08-01 22:39:39,201 - embedding_analysis - INFO - ANALYSIS COMPLETE!
2025-08-01 22:39:39,201 - embedding_analysis - INFO - Results saved to: analysis_output
2025-08-01 22:39:39,201 - embedding_analysis - INFO - ======================================================================
