2025-08-01 20:22:54,561 - embedding_analysis - INFO - Logging to file: analysis_output/logs/analysis_20250801_202254.log
2025-08-01 20:22:54,613 - embedding_analysis.core.embedder - INFO - ✓ GPU detected! Using NVIDIA GeForce RTX 4070 SUPER for acceleration
2025-08-01 20:22:54,614 - embedding_analysis.core.embedder - INFO - Loading 5 models for ensemble...
2025-08-01 20:22:54,614 - embedding_analysis.core.embedder - INFO - Loading MiniLM-L6 (all-MiniLM-L6-v2)...
2025-08-01 20:22:55,603 - embedding_analysis.core.embedder - INFO - ✓ Loaded MiniLM-L6 with 384 dimensions
2025-08-01 20:22:55,603 - embedding_analysis.core.embedder - INFO - Loading MPNet (all-mpnet-base-v2)...
2025-08-01 20:23:12,773 - embedding_analysis.core.embedder - INFO - ✓ Loaded MPNet with 768 dimensions
2025-08-01 20:23:12,773 - embedding_analysis.core.embedder - INFO - Loading MiniLM-L12 (all-MiniLM-L12-v2)...
2025-08-01 20:23:28,281 - embedding_analysis.core.embedder - INFO - ✓ Loaded MiniLM-L12 with 384 dimensions
2025-08-01 20:23:28,281 - embedding_analysis.core.embedder - INFO - Loading Word2Vec (word2vec-google-news-300)...
2025-08-01 20:23:49,279 - embedding_analysis.core.embedder - INFO - Loaded Word2Vec vocabulary size: 3000000
2025-08-01 20:23:49,279 - embedding_analysis.core.embedder - INFO - ✓ Loaded Word2Vec with 300 dimensions
2025-08-01 20:23:49,279 - embedding_analysis.core.embedder - INFO - Loading GloVe (glove-wiki-gigaword-300)...
2025-08-01 20:24:27,705 - embedding_analysis.core.embedder - INFO - Loaded GloVe vocabulary size: 400000
2025-08-01 20:24:27,705 - embedding_analysis.core.embedder - INFO - ✓ Loaded GloVe with 300 dimensions
2025-08-01 20:24:27,706 - embedding_analysis - INFO - ======================================================================
2025-08-01 20:24:27,706 - embedding_analysis - INFO - GEOMETRIC INVARIANCE ANALYSIS
2025-08-01 20:24:27,706 - embedding_analysis - INFO - ======================================================================
2025-08-01 20:24:27,707 - embedding_analysis - INFO - Loading conversations from /home/knots/git/the-academy/docs/paper/exp-data/phase-1-premium
2025-08-01 20:24:28,265 - embedding_analysis.core.conversation - INFO - Loaded 67 conversations from /home/knots/git/the-academy/docs/paper/exp-data/phase-1-premium
2025-08-01 20:24:28,265 - embedding_analysis.core.conversation - INFO - Filtered 67 to 67 conversations
2025-08-01 20:24:28,265 - embedding_analysis - INFO - Loading conversations from /home/knots/git/the-academy/docs/paper/exp-data/phase-2-efficient
2025-08-01 20:24:28,584 - embedding_analysis.core.conversation - INFO - Loaded 62 conversations from /home/knots/git/the-academy/docs/paper/exp-data/phase-2-efficient
2025-08-01 20:24:28,584 - embedding_analysis.core.conversation - INFO - Filtered 62 to 62 conversations
2025-08-01 20:24:28,584 - embedding_analysis - INFO - Loading conversations from /home/knots/git/the-academy/docs/paper/exp-data/phase-3-no-reasoning
2025-08-01 20:24:29,341 - embedding_analysis.core.conversation - INFO - Loaded 100 conversations from /home/knots/git/the-academy/docs/paper/exp-data/phase-3-no-reasoning
2025-08-01 20:24:29,341 - embedding_analysis.core.conversation - INFO - Filtered 100 to 100 conversations
2025-08-01 20:24:29,341 - embedding_analysis - INFO - Loaded 229 conversations total
2025-08-01 20:24:29,341 - embedding_analysis - INFO - 
Analyzing 229 conversations for geometric invariance...
2025-08-01 20:24:29,341 - embedding_analysis - INFO - Checking for existing checkpoints...
2025-08-01 20:24:29,341 - embedding_analysis - INFO - Found 0 conversations already processed
2025-08-01 20:24:29,341 - embedding_analysis - INFO - Processing 229 remaining conversations in 10 batches of 25
2025-08-01 20:24:29,342 - embedding_analysis - INFO -   Batch 1/10: Embedding 4349 messages from 25 conversations
2025-08-01 20:25:10,936 - embedding_analysis.models.ensemble_phase_detector - INFO - Running embedding_shift phase detection...
2025-08-01 20:25:10,937 - embedding_analysis.models.ensemble_phase_detector - INFO - Running change_point phase detection...
2025-08-01 20:25:10,989 - embedding_analysis.models.ensemble_phase_detector - INFO - Running hmm phase detection...
2025-08-01 20:25:11,089 - embedding_analysis.models.ensemble_phase_detector - INFO - Running spectral phase detection...
2025-08-01 20:25:11,092 - embedding_analysis.models.ensemble_phase_detector - INFO - Running clustering phase detection...
2025-08-01 20:25:11,115 - embedding_analysis.models.ensemble_phase_detector - INFO - Running embedding_shift phase detection...
2025-08-01 20:25:11,118 - embedding_analysis.models.ensemble_phase_detector - INFO - Running change_point phase detection...
2025-08-01 20:25:11,158 - embedding_analysis.models.ensemble_phase_detector - INFO - Running hmm phase detection...
2025-08-01 20:25:11,276 - embedding_analysis.models.ensemble_phase_detector - INFO - Running spectral phase detection...
2025-08-01 20:25:11,279 - embedding_analysis.models.ensemble_phase_detector - INFO - Running clustering phase detection...
2025-08-01 20:25:11,331 - embedding_analysis.models.ensemble_phase_detector - INFO - Running embedding_shift phase detection...
2025-08-01 20:25:11,334 - embedding_analysis.models.ensemble_phase_detector - INFO - Running change_point phase detection...
2025-08-01 20:25:11,378 - embedding_analysis.models.ensemble_phase_detector - INFO - Running hmm phase detection...
2025-08-01 20:25:11,473 - embedding_analysis.models.ensemble_phase_detector - INFO - Running spectral phase detection...
2025-08-01 20:25:11,476 - embedding_analysis.models.ensemble_phase_detector - INFO - Running clustering phase detection...
2025-08-01 20:25:11,494 - embedding_analysis.models.ensemble_phase_detector - INFO - Running embedding_shift phase detection...
2025-08-01 20:25:11,497 - embedding_analysis.models.ensemble_phase_detector - INFO - Running change_point phase detection...
2025-08-01 20:25:11,538 - embedding_analysis.models.ensemble_phase_detector - INFO - Running hmm phase detection...
2025-08-01 20:25:11,607 - embedding_analysis.models.ensemble_phase_detector - INFO - Running spectral phase detection...
2025-08-01 20:25:11,611 - embedding_analysis.models.ensemble_phase_detector - INFO - Running clustering phase detection...
2025-08-01 20:25:11,625 - embedding_analysis.models.ensemble_phase_detector - INFO - Running embedding_shift phase detection...
2025-08-01 20:25:11,628 - embedding_analysis.models.ensemble_phase_detector - INFO - Running change_point phase detection...
2025-08-01 20:25:11,672 - embedding_analysis.models.ensemble_phase_detector - INFO - Running hmm phase detection...
2025-08-01 20:25:11,759 - embedding_analysis.models.ensemble_phase_detector - INFO - Running spectral phase detection...
2025-08-01 20:25:11,762 - embedding_analysis.models.ensemble_phase_detector - INFO - Running clustering phase detection...
2025-08-01 20:25:11,936 - embedding_analysis.visualization.ensemble_plots - INFO - Creating figure (35x38)...
2025-08-01 20:25:23,580 - embedding_analysis.visualization.ensemble_plots - INFO - Saved ensemble visualization to analysis_output/figures/ensemble/png/Consciousness_Exploration_2025-06-12_6-Y_ensemble.png
2025-08-01 20:25:27,206 - embedding_analysis.visualization.ensemble_plots - INFO - Saved ensemble visualization to analysis_output/figures/ensemble/pdf/Consciousness_Exploration_2025-06-12_6-Y_ensemble.pdf
2025-08-01 20:25:27,214 - embedding_analysis.utils.checkpoint - INFO - Saved checkpoint: conv_Consciousness_Exploration_2025-06-12_6-Y
2025-08-01 20:25:32,680 - embedding_analysis.models.ensemble_phase_detector - INFO - Running embedding_shift phase detection...
2025-08-01 20:25:32,683 - embedding_analysis.models.ensemble_phase_detector - INFO - Running change_point phase detection...
2025-08-01 20:25:32,827 - embedding_analysis.models.ensemble_phase_detector - INFO - Running hmm phase detection...
2025-08-01 20:25:32,982 - embedding_analysis.models.ensemble_phase_detector - INFO - Running spectral phase detection...
2025-08-01 20:25:32,986 - embedding_analysis.models.ensemble_phase_detector - INFO - Running clustering phase detection...
2025-08-01 20:25:33,017 - embedding_analysis.models.ensemble_phase_detector - INFO - Running embedding_shift phase detection...
2025-08-01 20:25:33,023 - embedding_analysis.models.ensemble_phase_detector - INFO - Running change_point phase detection...
2025-08-01 20:25:33,155 - embedding_analysis.models.ensemble_phase_detector - INFO - Running hmm phase detection...
2025-08-01 20:25:33,310 - embedding_analysis.models.ensemble_phase_detector - INFO - Running spectral phase detection...
2025-08-01 20:25:33,314 - embedding_analysis.models.ensemble_phase_detector - INFO - Running clustering phase detection...
2025-08-01 20:25:33,399 - embedding_analysis.models.ensemble_phase_detector - INFO - Running embedding_shift phase detection...
2025-08-01 20:25:33,405 - embedding_analysis.models.ensemble_phase_detector - INFO - Running change_point phase detection...
2025-08-01 20:25:33,543 - embedding_analysis.models.ensemble_phase_detector - INFO - Running hmm phase detection...
2025-08-01 20:25:33,709 - embedding_analysis.models.ensemble_phase_detector - INFO - Running spectral phase detection...
2025-08-01 20:25:33,713 - embedding_analysis.models.ensemble_phase_detector - INFO - Running clustering phase detection...
2025-08-01 20:25:33,748 - embedding_analysis.models.ensemble_phase_detector - INFO - Running embedding_shift phase detection...
2025-08-01 20:25:33,754 - embedding_analysis.models.ensemble_phase_detector - INFO - Running change_point phase detection...
2025-08-01 20:25:33,888 - embedding_analysis.models.ensemble_phase_detector - INFO - Running hmm phase detection...
2025-08-01 20:25:34,031 - embedding_analysis.models.ensemble_phase_detector - INFO - Running spectral phase detection...
2025-08-01 20:25:34,035 - embedding_analysis.models.ensemble_phase_detector - INFO - Running clustering phase detection...
2025-08-01 20:25:34,055 - embedding_analysis.models.ensemble_phase_detector - INFO - Running embedding_shift phase detection...
2025-08-01 20:25:34,060 - embedding_analysis.models.ensemble_phase_detector - INFO - Running change_point phase detection...
2025-08-01 20:25:34,214 - embedding_analysis.models.ensemble_phase_detector - INFO - Running hmm phase detection...
2025-08-01 20:25:34,377 - embedding_analysis.models.ensemble_phase_detector - INFO - Running spectral phase detection...
2025-08-01 20:25:34,381 - embedding_analysis.models.ensemble_phase_detector - INFO - Running clustering phase detection...
2025-08-01 20:25:34,662 - embedding_analysis.visualization.ensemble_plots - INFO - Creating figure (35x38)...
2025-08-01 20:25:51,030 - embedding_analysis.visualization.ensemble_plots - INFO - Saved ensemble visualization to analysis_output/figures/ensemble/png/experiment-consciousness-exploration-session-consciousness_exploration-2025-07-29-15-4c234775_ensemble.png
2025-08-01 20:25:55,018 - embedding_analysis.visualization.ensemble_plots - INFO - Saved ensemble visualization to analysis_output/figures/ensemble/pdf/experiment-consciousness-exploration-session-consciousness_exploration-2025-07-29-15-4c234775_ensemble.pdf
2025-08-01 20:25:55,036 - embedding_analysis.utils.checkpoint - INFO - Saved checkpoint: conv_experiment-consciousness-exploration-session-consciousness_exploration-2025-07-29-15-4c234775
2025-08-01 20:26:00,591 - embedding_analysis.models.ensemble_phase_detector - INFO - Running embedding_shift phase detection...
2025-08-01 20:26:00,594 - embedding_analysis.models.ensemble_phase_detector - INFO - Running change_point phase detection...
2025-08-01 20:26:00,743 - embedding_analysis.models.ensemble_phase_detector - INFO - Running hmm phase detection...
2025-08-01 20:26:00,899 - embedding_analysis.models.ensemble_phase_detector - INFO - Running spectral phase detection...
2025-08-01 20:26:00,903 - embedding_analysis.models.ensemble_phase_detector - INFO - Running clustering phase detection...
2025-08-01 20:26:00,933 - embedding_analysis.models.ensemble_phase_detector - INFO - Running embedding_shift phase detection...
2025-08-01 20:26:00,939 - embedding_analysis.models.ensemble_phase_detector - INFO - Running change_point phase detection...
2025-08-01 20:26:01,069 - embedding_analysis.models.ensemble_phase_detector - INFO - Running hmm phase detection...
2025-08-01 20:26:01,228 - embedding_analysis.models.ensemble_phase_detector - INFO - Running spectral phase detection...
2025-08-01 20:26:01,232 - embedding_analysis.models.ensemble_phase_detector - INFO - Running clustering phase detection...
2025-08-01 20:26:01,319 - embedding_analysis.models.ensemble_phase_detector - INFO - Running embedding_shift phase detection...
2025-08-01 20:26:01,322 - embedding_analysis.models.ensemble_phase_detector - INFO - Running change_point phase detection...
2025-08-01 20:26:01,461 - embedding_analysis.models.ensemble_phase_detector - INFO - Running hmm phase detection...
2025-08-01 20:26:01,613 - embedding_analysis.models.ensemble_phase_detector - INFO - Running spectral phase detection...
2025-08-01 20:26:01,617 - embedding_analysis.models.ensemble_phase_detector - INFO - Running clustering phase detection...
2025-08-01 20:26:01,649 - embedding_analysis.models.ensemble_phase_detector - INFO - Running embedding_shift phase detection...
2025-08-01 20:26:01,655 - embedding_analysis.models.ensemble_phase_detector - INFO - Running change_point phase detection...
2025-08-01 20:26:01,788 - embedding_analysis.models.ensemble_phase_detector - INFO - Running hmm phase detection...
2025-08-01 20:26:01,928 - embedding_analysis.models.ensemble_phase_detector - INFO - Running spectral phase detection...
2025-08-01 20:26:01,932 - embedding_analysis.models.ensemble_phase_detector - INFO - Running clustering phase detection...
2025-08-01 20:26:01,947 - embedding_analysis.models.ensemble_phase_detector - INFO - Running embedding_shift phase detection...
2025-08-01 20:26:01,952 - embedding_analysis.models.ensemble_phase_detector - INFO - Running change_point phase detection...
2025-08-01 20:26:02,093 - embedding_analysis.models.ensemble_phase_detector - INFO - Running hmm phase detection...
2025-08-01 20:26:02,266 - embedding_analysis.models.ensemble_phase_detector - INFO - Running spectral phase detection...
2025-08-01 20:26:02,270 - embedding_analysis.models.ensemble_phase_detector - INFO - Running clustering phase detection...
2025-08-01 20:26:02,529 - embedding_analysis.visualization.ensemble_plots - INFO - Creating figure (35x38)...
